#! /c/Source/iverilog-install/bin/vvp
:ivl_version "12.0 (devel)" "(s20150603-1539-g2693dd32b)";
:ivl_delay_selection "TYPICAL";
:vpi_time_precision + 0;
:vpi_module "C:\iverilog\lib\ivl\system.vpi";
:vpi_module "C:\iverilog\lib\ivl\vhdl_sys.vpi";
:vpi_module "C:\iverilog\lib\ivl\vhdl_textio.vpi";
:vpi_module "C:\iverilog\lib\ivl\v2005_math.vpi";
:vpi_module "C:\iverilog\lib\ivl\va_math.vpi";
S_0000017b5d5fbd00 .scope module, "port_wr_sram_matcher" "port_wr_sram_matcher" 2 1;
 .timescale 0 0;
    .port_info 0 /INPUT 1 "clk";
    .port_info 1 /INPUT 1 "rst_n";
    .port_info 2 /INPUT 5 "match_threshold";
    .port_info 3 /INPUT 6 "new_length";
    .port_info 4 /INPUT 1 "match_enable";
    .port_info 5 /OUTPUT 1 "match_suc";
    .port_info 6 /INPUT 5 "match_sram";
    .port_info 7 /OUTPUT 6 "match_best_sram";
    .port_info 8 /INPUT 1 "accessible";
    .port_info 9 /INPUT 11 "free_space";
    .port_info 10 /INPUT 9 "packet_amount";
o0000017b5d53dfb8 .functor BUFZ 1, C4<z>; HiZ drive
v0000017b5d5f66e0_0 .net "accessible", 0 0, o0000017b5d53dfb8;  0 drivers
o0000017b5d53dfe8 .functor BUFZ 1, C4<z>; HiZ drive
v0000017b5d5f6900_0 .net "clk", 0 0, o0000017b5d53dfe8;  0 drivers
o0000017b5d53e018 .functor BUFZ 11, C4<zzzzzzzzzzz>; HiZ drive
v0000017b5d5f6460_0 .net "free_space", 10 0, o0000017b5d53e018;  0 drivers
v0000017b5d582830_0 .var "match_best_sram", 5 0;
o0000017b5d53e078 .functor BUFZ 1, C4<z>; HiZ drive
v0000017b5d5828d0_0 .net "match_enable", 0 0, o0000017b5d53e078;  0 drivers
v0000017b5d582970_0 .var "match_find", 0 0;
o0000017b5d53e0d8 .functor BUFZ 5, C4<zzzzz>; HiZ drive
v0000017b5d582a10_0 .net "match_sram", 4 0, o0000017b5d53e0d8;  0 drivers
v0000017b5d582ab0_0 .var "match_state", 1 0;
v0000017b5d582b50_0 .var "match_suc", 0 0;
o0000017b5d53e168 .functor BUFZ 5, C4<zzzzz>; HiZ drive
v0000017b5d582bf0_0 .net "match_threshold", 4 0, o0000017b5d53e168;  0 drivers
v0000017b5d582c90_0 .var "match_tick", 7 0;
v0000017b5d582d30_0 .var "max_amount", 8 0;
o0000017b5d53e1f8 .functor BUFZ 6, C4<zzzzzz>; HiZ drive
v0000017b5d582dd0_0 .net "new_length", 5 0, o0000017b5d53e1f8;  0 drivers
o0000017b5d53e228 .functor BUFZ 9, C4<zzzzzzzzz>; HiZ drive
v0000017b5d582e70_0 .net "packet_amount", 8 0, o0000017b5d53e228;  0 drivers
o0000017b5d53e258 .functor BUFZ 1, C4<z>; HiZ drive
v0000017b5d582f10_0 .net "rst_n", 0 0, o0000017b5d53e258;  0 drivers
E_0000017b5d5fa250 .event posedge, v0000017b5d5f6900_0;
    .scope S_0000017b5d5fbd00;
T_0 ;
    %wait E_0000017b5d5fa250;
    %load/vec4 v0000017b5d582f10_0;
    %inv;
    %flag_set/vec4 8;
    %jmp/0xz  T_0.0, 8;
    %pushi/vec4 0, 0, 2;
    %assign/vec4 v0000017b5d582ab0_0, 0;
    %pushi/vec4 0, 0, 1;
    %assign/vec4 v0000017b5d582b50_0, 0;
    %jmp T_0.1;
T_0.0 ;
    %load/vec4 v0000017b5d582ab0_0;
    %cmpi/e 0, 0, 2;
    %flag_get/vec4 4;
    %jmp/0 T_0.4, 4;
    %load/vec4 v0000017b5d5828d0_0;
    %and;
T_0.4;
    %flag_set/vec4 8;
    %jmp/0xz  T_0.2, 8;
    %pushi/vec4 1, 0, 2;
    %assign/vec4 v0000017b5d582ab0_0, 0;
    %jmp T_0.3;
T_0.2 ;
    %load/vec4 v0000017b5d582ab0_0;
    %cmpi/e 1, 0, 2;
    %flag_get/vec4 4;
    %jmp/0 T_0.8, 4;
    %load/vec4 v0000017b5d582970_0;
    %and;
T_0.8;
    %flag_set/vec4 9;
    %flag_get/vec4 9;
    %jmp/0 T_0.7, 9;
    %load/vec4 v0000017b5d582c90_0;
    %load/vec4 v0000017b5d582bf0_0;
    %pad/u 8;
    %cmp/e;
    %flag_get/vec4 4;
    %and;
T_0.7;
    %flag_set/vec4 8;
    %jmp/0xz  T_0.5, 8;
    %pushi/vec4 1, 0, 1;
    %assign/vec4 v0000017b5d582b50_0, 0;
    %pushi/vec4 2, 0, 2;
    %assign/vec4 v0000017b5d582ab0_0, 0;
    %jmp T_0.6;
T_0.5 ;
    %load/vec4 v0000017b5d582ab0_0;
    %cmpi/e 2, 0, 2;
    %jmp/0xz  T_0.9, 4;
    %pushi/vec4 0, 0, 1;
    %assign/vec4 v0000017b5d582b50_0, 0;
    %pushi/vec4 0, 0, 2;
    %assign/vec4 v0000017b5d582ab0_0, 0;
T_0.9 ;
T_0.6 ;
T_0.3 ;
T_0.1 ;
    %jmp T_0;
    .thread T_0;
    .scope S_0000017b5d5fbd00;
T_1 ;
    %wait E_0000017b5d5fa250;
    %load/vec4 v0000017b5d582f10_0;
    %inv;
    %flag_set/vec4 8;
    %jmp/0xz  T_1.0, 8;
    %pushi/vec4 0, 0, 8;
    %assign/vec4 v0000017b5d582c90_0, 0;
T_1.0 ;
    %load/vec4 v0000017b5d5828d0_0;
    %flag_set/vec4 9;
    %flag_get/vec4 9;
    %jmp/0 T_1.4, 9;
    %load/vec4 v0000017b5d582c90_0;
    %load/vec4 v0000017b5d582bf0_0;
    %pad/u 8;
    %cmp/ne;
    %flag_get/vec4 4;
    %and;
T_1.4;
    %flag_set/vec4 8;
    %jmp/0xz  T_1.2, 8;
    %load/vec4 v0000017b5d582c90_0;
    %addi 1, 0, 8;
    %assign/vec4 v0000017b5d582c90_0, 0;
    %jmp T_1.3;
T_1.2 ;
    %load/vec4 v0000017b5d582ab0_0;
    %cmpi/e 2, 0, 2;
    %jmp/0xz  T_1.5, 4;
    %pushi/vec4 0, 0, 8;
    %assign/vec4 v0000017b5d582c90_0, 0;
T_1.5 ;
T_1.3 ;
    %jmp T_1;
    .thread T_1;
    .scope S_0000017b5d5fbd00;
T_2 ;
    %wait E_0000017b5d5fa250;
    %load/vec4 v0000017b5d5828d0_0;
    %inv;
    %flag_set/vec4 8;
    %jmp/1 T_2.2, 8;
    %load/vec4 v0000017b5d582b50_0;
    %flag_set/vec4 9;
    %flag_or 8, 9;
T_2.2;
    %jmp/0xz  T_2.0, 8;
    %pushi/vec4 0, 0, 1;
    %assign/vec4 v0000017b5d582970_0, 0;
    %pushi/vec4 0, 0, 9;
    %assign/vec4 v0000017b5d582d30_0, 0;
    %pushi/vec4 32, 0, 6;
    %assign/vec4 v0000017b5d582830_0, 0;
    %jmp T_2.1;
T_2.0 ;
    %load/vec4 v0000017b5d5f66e0_0;
    %inv;
    %flag_set/vec4 8;
    %jmp/0xz  T_2.3, 8;
    %jmp T_2.4;
T_2.3 ;
    %load/vec4 v0000017b5d5f6460_0;
    %pad/u 32;
    %load/vec4 v0000017b5d582dd0_0;
    %pad/u 32;
    %addi 1, 0, 32;
    %cmp/u;
    %jmp/0xz  T_2.5, 5;
    %jmp T_2.6;
T_2.5 ;
    %load/vec4 v0000017b5d582d30_0;
    %load/vec4 v0000017b5d582e70_0;
    %cmp/u;
    %flag_or 5, 4;
    %jmp/0xz  T_2.7, 5;
    %load/vec4 v0000017b5d582a10_0;
    %pad/u 6;
    %assign/vec4 v0000017b5d582830_0, 0;
    %load/vec4 v0000017b5d582e70_0;
    %assign/vec4 v0000017b5d582d30_0, 0;
    %pushi/vec4 1, 0, 1;
    %assign/vec4 v0000017b5d582970_0, 0;
T_2.7 ;
T_2.6 ;
T_2.4 ;
T_2.1 ;
    %jmp T_2;
    .thread T_2;
# The file index is used to find the file name in the following table.
:file_names 3;
    "N/A";
    "<interactive>";
    "port_wr_sram_matcher.v";
