#! /c/Source/iverilog-install/bin/vvp
:ivl_version "12.0 (devel)" "(s20150603-1539-g2693dd32b)";
:ivl_delay_selection "TYPICAL";
:vpi_time_precision + 0;
:vpi_module "C:\iverilog\lib\ivl\system.vpi";
:vpi_module "C:\iverilog\lib\ivl\vhdl_sys.vpi";
:vpi_module "C:\iverilog\lib\ivl\vhdl_textio.vpi";
:vpi_module "C:\iverilog\lib\ivl\v2005_math.vpi";
:vpi_module "C:\iverilog\lib\ivl\va_math.vpi";
S_0000017fe25a2df0 .scope module, "port" "port" 2 1;
 .timescale 0 0;
    .port_info 0 /INPUT 1 "clk";
    .port_info 1 /INPUT 1 "wr_sop";
    .port_info 2 /INPUT 1 "wr_eop";
    .port_info 3 /INPUT 1 "wr_vld";
    .port_info 4 /INPUT 16 "wr_data";
    .port_info 5 /OUTPUT 1 "full";
    .port_info 6 /OUTPUT 1 "almost_full";
    .port_info 7 /INPUT 1 "ready";
    .port_info 8 /OUTPUT 1 "rd_sop";
    .port_info 9 /OUTPUT 1 "rd_eop";
    .port_info 10 /OUTPUT 1 "rd_vld";
    .port_info 11 /OUTPUT 16 "rd_data";
    .port_info 12 /OUTPUT 1 "wr_en";
    .port_info 13 /OUTPUT 1 "is_ctrl_frame";
    .port_info 14 /OUTPUT 4 "batch";
    .port_info 15 /OUTPUT 3 "prior";
    .port_info 16 /OUTPUT 4 "dest_port";
    .port_info 17 /OUTPUT 16 "data";
v0000017fe25d6fa0_0 .var "almost_full", 0 0;
v0000017fe25a30b0_0 .var "batch", 3 0;
o0000017fe25db038 .functor BUFZ 1, C4<z>; HiZ drive
v0000017fe261d840_0 .net "clk", 0 0, o0000017fe25db038;  0 drivers
v0000017fe261d8e0_0 .var "data", 15 0;
v0000017fe261d980_0 .var "dest_port", 3 0;
v0000017fe261da20_0 .var "full", 0 0;
v0000017fe261dac0_0 .var "is_ctrl_frame", 0 0;
v0000017fe261db60_0 .var "prior", 2 0;
v0000017fe261dc00_0 .var "rd_data", 15 0;
o0000017fe25db188 .functor BUFZ 1, C4<z>; HiZ drive
v0000017fe261dd30_0 .net "rd_eop", 0 0, o0000017fe25db188;  0 drivers
o0000017fe25db1b8 .functor BUFZ 1, C4<z>; HiZ drive
v0000017fe261ddd0_0 .net "rd_sop", 0 0, o0000017fe25db1b8;  0 drivers
o0000017fe25db1e8 .functor BUFZ 1, C4<z>; HiZ drive
v0000017fe261de70_0 .net "rd_vld", 0 0, o0000017fe25db1e8;  0 drivers
o0000017fe25db218 .functor BUFZ 1, C4<z>; HiZ drive
v0000017fe261df10_0 .net "ready", 0 0, o0000017fe25db218;  0 drivers
o0000017fe25db248 .functor BUFZ 16, C4<zzzzzzzzzzzzzzzz>; HiZ drive
v0000017fe25d3d20_0 .net "wr_data", 15 0, o0000017fe25db248;  0 drivers
v0000017fe25d4450_0 .var "wr_en", 0 0;
o0000017fe25db2a8 .functor BUFZ 1, C4<z>; HiZ drive
v0000017fe25d4590_0 .net "wr_eop", 0 0, o0000017fe25db2a8;  0 drivers
o0000017fe25db2d8 .functor BUFZ 1, C4<z>; HiZ drive
v0000017fe25d44f0_0 .net "wr_sop", 0 0, o0000017fe25db2d8;  0 drivers
o0000017fe25db308 .functor BUFZ 1, C4<z>; HiZ drive
v0000017fe25d4130_0 .net "wr_vld", 0 0, o0000017fe25db308;  0 drivers
E_0000017fe25d9710 .event posedge, v0000017fe261d840_0;
E_0000017fe25d97d0 .event posedge, v0000017fe25d44f0_0;
    .scope S_0000017fe25a2df0;
T_0 ;
    %wait E_0000017fe25d97d0;
    %pushi/vec4 1, 0, 1;
    %assign/vec4 v0000017fe261dac0_0, 0;
    %jmp T_0;
    .thread T_0;
    .scope S_0000017fe25a2df0;
T_1 ;
    %wait E_0000017fe25d9710;
    %load/vec4 v0000017fe25d4130_0;
    %store/vec4 v0000017fe25d4450_0, 0, 1;
    %load/vec4 v0000017fe25a30b0_0;
    %pad/u 32;
    %cmpi/u 8, 0, 32;
    %flag_inv 5; GE is !LT
    %jmp/0xz  T_1.0, 5;
    %pushi/vec4 0, 0, 4;
    %store/vec4 v0000017fe25a30b0_0, 0, 4;
T_1.0 ;
    %load/vec4 v0000017fe25d4130_0;
    %flag_set/vec4 8;
    %jmp/0xz  T_1.2, 8;
    %load/vec4 v0000017fe261dac0_0;
    %flag_set/vec4 8;
    %jmp/0xz  T_1.4, 8;
    %load/vec4 v0000017fe25d3d20_0;
    %parti/s 3, 4, 4;
    %store/vec4 v0000017fe261db60_0, 0, 3;
    %load/vec4 v0000017fe25d3d20_0;
    %parti/s 4, 0, 2;
    %store/vec4 v0000017fe261d980_0, 0, 4;
    %load/vec4 v0000017fe25d3d20_0;
    %parti/s 6, 10, 5;
    %ix/load 4, 8, 0;
    %flag_set/imm 4, 0;
    %store/vec4 v0000017fe261d8e0_0, 4, 6;
    %load/vec4 v0000017fe25d3d20_0;
    %parti/s 3, 7, 4;
    %ix/load 4, 0, 0;
    %flag_set/imm 4, 0;
    %store/vec4 v0000017fe261d8e0_0, 4, 3;
    %jmp T_1.5;
T_1.4 ;
    %pushi/vec4 0, 0, 1;
    %store/vec4 v0000017fe261dac0_0, 0, 1;
    %load/vec4 v0000017fe25d3d20_0;
    %store/vec4 v0000017fe261d8e0_0, 0, 16;
T_1.5 ;
    %load/vec4 v0000017fe25a30b0_0;
    %addi 1, 0, 4;
    %store/vec4 v0000017fe25a30b0_0, 0, 4;
T_1.2 ;
    %jmp T_1;
    .thread T_1;
# The file index is used to find the file name in the following table.
:file_names 3;
    "N/A";
    "<interactive>";
    "port.v";
