#! /c/Source/iverilog-install/bin/vvp
:ivl_version "12.0 (devel)" "(s20150603-1539-g2693dd32b)";
:ivl_delay_selection "TYPICAL";
:vpi_time_precision - 12;
:vpi_module "C:\iverilog\lib\ivl\system.vpi";
:vpi_module "C:\iverilog\lib\ivl\vhdl_sys.vpi";
:vpi_module "C:\iverilog\lib\ivl\vhdl_textio.vpi";
:vpi_module "C:\iverilog\lib\ivl\v2005_math.vpi";
:vpi_module "C:\iverilog\lib\ivl\va_math.vpi";
S_000001ed9c97bcd0 .scope module, "tb_fifo_null_pages" "tb_fifo_null_pages" 2 5;
 .timescale -9 -12;
P_000001ed9c8aaab0 .param/l "PERIOD" 0 2 17, +C4<00000000000000000000000000001010>;
v000001ed9c8b2c10_0 .var "clk", 0 0;
v000001ed9c8b2cb0_0 .net "head_addr", 10 0, v000001ed9c882d40_0;  1 drivers
v000001ed9c8b2d50_0 .var "pop_head", 0 0;
v000001ed9c8b3a20_0 .var "push_tail", 0 0;
v000001ed9c8b3d40_0 .var "rst_n", 0 0;
v000001ed9c8b2e40_0 .var "tail_addr", 10 0;
S_000001ed9c8abc40 .scope module, "fifo" "fifo_null_pages" 2 25, 3 1 0, S_000001ed9c97bcd0;
 .timescale -9 -12;
    .port_info 0 /INPUT 1 "clk";
    .port_info 1 /INPUT 1 "rst_n";
    .port_info 2 /INPUT 1 "pop_head";
    .port_info 3 /OUTPUT 11 "head_addr";
    .port_info 4 /INPUT 1 "push_tail";
    .port_info 5 /INPUT 11 "tail_addr";
v000001ed9c8833c0 .array "buf_mem", 0 255, 15 0;
v000001ed9c8abdd0_0 .net "clk", 0 0, v000001ed9c8b2c10_0;  1 drivers
v000001ed9c8abe70_0 .var "head", 15 0;
v000001ed9c882d40_0 .var "head_addr", 10 0;
v000001ed9c882de0_0 .var "head_ptr", 7 0;
v000001ed9c882e80_0 .var/i "i", 31 0;
v000001ed9c882f20_0 .net "pop_head", 0 0, v000001ed9c8b2d50_0;  1 drivers
v000001ed9c882fc0_0 .net "push_tail", 0 0, v000001ed9c8b3a20_0;  1 drivers
v000001ed9c883060_0 .net "rst_n", 0 0, v000001ed9c8b3d40_0;  1 drivers
v000001ed9c883100_0 .var "tail", 15 0;
v000001ed9c8b2ad0_0 .net "tail_addr", 10 0, v000001ed9c8b2e40_0;  1 drivers
v000001ed9c8b2b70_0 .var "tail_ptr", 7 0;
E_000001ed9c8aa1f0/0 .event negedge, v000001ed9c883060_0;
E_000001ed9c8aa1f0/1 .event posedge, v000001ed9c8abdd0_0;
E_000001ed9c8aa1f0 .event/or E_000001ed9c8aa1f0/0, E_000001ed9c8aa1f0/1;
    .scope S_000001ed9c8abc40;
T_0 ;
    %pushi/vec4 0, 0, 8;
    %store/vec4 v000001ed9c882de0_0, 0, 8;
    %pushi/vec4 63, 0, 8;
    %store/vec4 v000001ed9c8b2b70_0, 0, 8;
    %end;
    .thread T_0;
    .scope S_000001ed9c8abc40;
T_1 ;
    %wait E_000001ed9c8aa1f0;
    %load/vec4 v000001ed9c883060_0;
    %nor/r;
    %flag_set/vec4 8;
    %jmp/0xz  T_1.0, 8;
    %pushi/vec4 0, 0, 32;
    %store/vec4 v000001ed9c882e80_0, 0, 32;
T_1.2 ;
    %load/vec4 v000001ed9c882e80_0;
    %cmpi/s 64, 0, 32;
    %jmp/0xz T_1.3, 5;
    %load/vec4 v000001ed9c882e80_0;
    %ix/load 4, 5, 0;
    %flag_set/imm 4, 0;
    %shiftl 4;
    %concati/vec4 31, 0, 5;
    %pad/u 16;
    %ix/getv/s 3, v000001ed9c882e80_0;
    %ix/load 4, 0, 0; Constant delay
    %assign/vec4/a/d v000001ed9c8833c0, 0, 4;
    %load/vec4 v000001ed9c882e80_0;
    %addi 1, 0, 32;
    %store/vec4 v000001ed9c882e80_0, 0, 32;
    %jmp T_1.2;
T_1.3 ;
    %pushi/vec4 64, 0, 32;
    %store/vec4 v000001ed9c882e80_0, 0, 32;
T_1.4 ;
    %load/vec4 v000001ed9c882e80_0;
    %cmpi/s 256, 0, 32;
    %jmp/0xz T_1.5, 5;
    %pushi/vec4 0, 0, 16;
    %ix/getv/s 3, v000001ed9c882e80_0;
    %ix/load 4, 0, 0; Constant delay
    %assign/vec4/a/d v000001ed9c8833c0, 0, 4;
    %load/vec4 v000001ed9c882e80_0;
    %addi 1, 0, 32;
    %store/vec4 v000001ed9c882e80_0, 0, 32;
    %jmp T_1.4;
T_1.5 ;
    %jmp T_1.1;
T_1.0 ;
    %load/vec4 v000001ed9c882fc0_0;
    %flag_set/vec4 8;
    %jmp/0xz  T_1.6, 8;
    %load/vec4 v000001ed9c8b2b70_0;
    %pad/u 10;
    %ix/vec4 4;
    %load/vec4a v000001ed9c8833c0, 4;
    %store/vec4 v000001ed9c883100_0, 0, 16;
    %load/vec4 v000001ed9c883100_0;
    %parti/s 11, 5, 4;
    %pad/u 32;
    %load/vec4 v000001ed9c883100_0;
    %parti/s 5, 0, 2;
    %pad/u 32;
    %add;
    %load/vec4 v000001ed9c8b2ad0_0;
    %pad/u 32;
    %subi 1, 0, 32;
    %cmp/e;
    %flag_get/vec4 4;
    %jmp/0 T_1.10, 4;
    %load/vec4 v000001ed9c883100_0;
    %parti/s 5, 0, 2;
    %pad/u 32;
    %cmpi/u 31, 0, 32;
    %flag_get/vec4 5;
    %and;
T_1.10;
    %flag_set/vec4 8;
    %jmp/0xz  T_1.8, 8;
    %load/vec4 v000001ed9c883100_0;
    %addi 1, 0, 16;
    %store/vec4 v000001ed9c883100_0, 0, 16;
    %jmp T_1.9;
T_1.8 ;
    %load/vec4 v000001ed9c8b2b70_0;
    %addi 1, 0, 8;
    %store/vec4 v000001ed9c8b2b70_0, 0, 8;
    %load/vec4 v000001ed9c8b2ad0_0;
    %concati/vec4 0, 0, 5;
    %store/vec4 v000001ed9c883100_0, 0, 16;
T_1.9 ;
    %load/vec4 v000001ed9c883100_0;
    %load/vec4 v000001ed9c8b2b70_0;
    %pad/u 10;
    %ix/vec4 4;
    %store/vec4a v000001ed9c8833c0, 4, 0;
T_1.6 ;
    %load/vec4 v000001ed9c882de0_0;
    %pad/u 10;
    %ix/vec4 4;
    %load/vec4a v000001ed9c8833c0, 4;
    %store/vec4 v000001ed9c8abe70_0, 0, 16;
    %load/vec4 v000001ed9c8abe70_0;
    %parti/s 11, 5, 4;
    %store/vec4 v000001ed9c882d40_0, 0, 11;
    %load/vec4 v000001ed9c882f20_0;
    %flag_set/vec4 8;
    %jmp/0xz  T_1.11, 8;
    %load/vec4 v000001ed9c8abe70_0;
    %parti/s 5, 0, 2;
    %pad/u 32;
    %cmpi/e 0, 0, 32;
    %jmp/0xz  T_1.13, 4;
    %load/vec4 v000001ed9c882de0_0;
    %addi 1, 0, 8;
    %store/vec4 v000001ed9c882de0_0, 0, 8;
    %load/vec4 v000001ed9c882de0_0;
    %pad/u 10;
    %ix/vec4 4;
    %load/vec4a v000001ed9c8833c0, 4;
    %store/vec4 v000001ed9c8abe70_0, 0, 16;
    %jmp T_1.14;
T_1.13 ;
    %load/vec4 v000001ed9c8abe70_0;
    %addi 31, 0, 16;
    %store/vec4 v000001ed9c8abe70_0, 0, 16;
    %load/vec4 v000001ed9c8abe70_0;
    %load/vec4 v000001ed9c882de0_0;
    %pad/u 10;
    %ix/vec4 4;
    %store/vec4a v000001ed9c8833c0, 4, 0;
T_1.14 ;
T_1.11 ;
T_1.1 ;
    %jmp T_1;
    .thread T_1;
    .scope S_000001ed9c97bcd0;
T_2 ;
    %pushi/vec4 1, 0, 1;
    %store/vec4 v000001ed9c8b2c10_0, 0, 1;
    %pushi/vec4 1, 0, 1;
    %store/vec4 v000001ed9c8b3d40_0, 0, 1;
    %pushi/vec4 0, 0, 1;
    %store/vec4 v000001ed9c8b2d50_0, 0, 1;
    %pushi/vec4 0, 0, 1;
    %store/vec4 v000001ed9c8b3a20_0, 0, 1;
    %pushi/vec4 0, 0, 11;
    %store/vec4 v000001ed9c8b2e40_0, 0, 11;
    %end;
    .thread T_2;
    .scope S_000001ed9c97bcd0;
T_3 ;
T_3.0 ;
    %delay 5000, 0;
    %load/vec4 v000001ed9c8b2c10_0;
    %inv;
    %store/vec4 v000001ed9c8b2c10_0, 0, 1;
    %jmp T_3.0;
    %end;
    .thread T_3;
    .scope S_000001ed9c97bcd0;
T_4 ;
    %vpi_call 2 36 "$dumpfile", "test_fifo_null_pages.vcd" {0 0 0};
    %vpi_call 2 37 "$dumpvars" {0 0 0};
    %delay 10000, 0;
    %pushi/vec4 0, 0, 1;
    %store/vec4 v000001ed9c8b3d40_0, 0, 1;
    %delay 10000, 0;
    %pushi/vec4 1, 0, 1;
    %store/vec4 v000001ed9c8b3d40_0, 0, 1;
    %delay 10000, 0;
    %pushi/vec4 1, 0, 1;
    %store/vec4 v000001ed9c8b2d50_0, 0, 1;
    %delay 10000, 0;
    %delay 10000, 0;
    %delay 10000, 0;
    %delay 10000, 0;
    %delay 10000, 0;
    %delay 10000, 0;
    %pushi/vec4 0, 0, 1;
    %store/vec4 v000001ed9c8b2d50_0, 0, 1;
    %pushi/vec4 1, 0, 1;
    %store/vec4 v000001ed9c8b3a20_0, 0, 1;
    %pushi/vec4 0, 0, 11;
    %store/vec4 v000001ed9c8b2e40_0, 0, 11;
    %delay 10000, 0;
    %pushi/vec4 1, 0, 11;
    %store/vec4 v000001ed9c8b2e40_0, 0, 11;
    %delay 10000, 0;
    %pushi/vec4 2, 0, 11;
    %store/vec4 v000001ed9c8b2e40_0, 0, 11;
    %delay 10000, 0;
    %pushi/vec4 3, 0, 11;
    %store/vec4 v000001ed9c8b2e40_0, 0, 11;
    %delay 10000, 0;
    %vpi_call 2 60 "$finish" {0 0 0};
    %end;
    .thread T_4;
# The file index is used to find the file name in the following table.
:file_names 4;
    "N/A";
    "<interactive>";
    "tb_fifo_null_pages.v";
    "./fifo_null_pages.sv";
