#! /c/Source/iverilog-install/bin/vvp
:ivl_version "12.0 (devel)" "(s20150603-1539-g2693dd32b)";
:ivl_delay_selection "TYPICAL";
:vpi_time_precision - 12;
:vpi_module "C:\iverilog\lib\ivl\system.vpi";
:vpi_module "C:\iverilog\lib\ivl\vhdl_sys.vpi";
:vpi_module "C:\iverilog\lib\ivl\vhdl_textio.vpi";
:vpi_module "C:\iverilog\lib\ivl\v2005_math.vpi";
:vpi_module "C:\iverilog\lib\ivl\va_math.vpi";
S_000002029b276750 .scope module, "tb_port" "tb_port" 2 5;
 .timescale -9 -12;
P_000002029b2939d0 .param/l "PERIOD" 0 2 11, +C4<00000000000000000000000000001010>;
v000002029b245000_0 .var "clk", 0 0;
v000002029b244b00_0 .net "free_space", 10 0, v000002029b151700_0;  1 drivers
v000002029b245dc0_0 .net "full", 0 0, v000002029b1513e0_0;  1 drivers
v000002029b2444c0_0 .net "null_ptr", 10 0, v000002029b14ff50_0;  1 drivers
v000002029b2450a0_0 .net "preference_level", 31 0, v000002029b151de0_0;  1 drivers
v000002029b244740_0 .var "rd_addr", 10 0;
v000002029b244920_0 .var "rd_ecc_addr", 10 0;
v000002029b244560_0 .net "rd_ecc_code", 7 0, v000002029b151840_0;  1 drivers
v000002029b244a60_0 .var "rd_op", 0 0;
v000002029b244600_0 .var "rd_port", 3 0;
v000002029b245c80_0 .net "reading", 0 0, v000002029b151160_0;  1 drivers
v000002029b2449c0_0 .var "rst_n", 0 0;
v000002029b244ba0_0 .var "wr_ecc_addr", 10 0;
v000002029b245b40_0 .var "wr_ecc_code", 7 0;
v000002029b245e60_0 .var "wr_ecc_en", 0 0;
v000002029b2451e0_0 .var "wr_op", 0 0;
v000002029b2453c0_0 .var "wr_port", 3 0;
v000002029b245280_0 .net "writting", 0 0, v000002029b151520_0;  1 drivers
S_000002029b20ecd0 .scope module, "sram_state_0" "sram_state" 2 44, 3 3 0, S_000002029b276750;
 .timescale -9 -12;
    .port_info 0 /INPUT 1 "clk";
    .port_info 1 /INPUT 1 "rst_n";
    .port_info 2 /INPUT 1 "wr_ecc_en";
    .port_info 3 /INPUT 11 "wr_ecc_addr";
    .port_info 4 /INPUT 8 "wr_ecc_code";
    .port_info 5 /INPUT 11 "rd_ecc_addr";
    .port_info 6 /OUTPUT 8 "rd_ecc_code";
    .port_info 7 /INPUT 1 "wr_op";
    .port_info 8 /INPUT 4 "wr_port";
    .port_info 9 /INPUT 1 "rd_op";
    .port_info 10 /INPUT 4 "rd_port";
    .port_info 11 /INPUT 11 "rd_addr";
    .port_info 12 /OUTPUT 1 "writting";
    .port_info 13 /OUTPUT 1 "reading";
    .port_info 14 /OUTPUT 1 "full";
    .port_info 15 /OUTPUT 11 "null_ptr";
    .port_info 16 /OUTPUT 11 "free_space";
    .port_info 17 /OUTPUT 32 "prefer";
v000002029b1515c0_0 .net "clk", 0 0, v000002029b245000_0;  1 drivers
v000002029b151660_0 .var "debug", 10 0;
v000002029b151ca0 .array "ecc_codes", 0 2047, 7 0;
v000002029b151700_0 .var "free_space", 10 0;
v000002029b1513e0_0 .var "full", 0 0;
v000002029b151a20_0 .var/i "i", 31 0;
v000002029b151d40_0 .var/i "j", 31 0;
v000002029b1517a0_0 .net "null_ptr", 10 0, v000002029b14ff50_0;  alias, 1 drivers
v000002029b151200 .array "port_amount", 0 15, 10 0;
v000002029b151de0_0 .var "prefer", 31 0;
v000002029b151980_0 .net "rd_addr", 10 0, v000002029b244740_0;  1 drivers
v000002029b151e80_0 .var "rd_batch", 2 0;
v000002029b151340_0 .net "rd_ecc_addr", 10 0, v000002029b244920_0;  1 drivers
v000002029b151840_0 .var "rd_ecc_code", 7 0;
v000002029b151ac0_0 .net "rd_op", 0 0, v000002029b244a60_0;  1 drivers
v000002029b151b60_0 .net "rd_port", 3 0, v000002029b244600_0;  1 drivers
v000002029b151160_0 .var "reading", 0 0;
v000002029b1518e0_0 .net "rst_n", 0 0, v000002029b2449c0_0;  1 drivers
v000002029b151f20_0 .var "wr_batch", 2 0;
v000002029b151480_0 .net "wr_ecc_addr", 10 0, v000002029b244ba0_0;  1 drivers
v000002029b1510c0_0 .net "wr_ecc_code", 7 0, v000002029b245b40_0;  1 drivers
v000002029b1512a0_0 .net "wr_ecc_en", 0 0, v000002029b245e60_0;  1 drivers
v000002029b151fc0_0 .net "wr_op", 0 0, v000002029b2451e0_0;  1 drivers
v000002029b151c00_0 .net "wr_port", 3 0, v000002029b2453c0_0;  1 drivers
v000002029b151520_0 .var "writting", 0 0;
E_000002029b293690 .event posedge, v000002029b1d2770_0;
E_000002029b293050 .event negedge, v000002029b15b6e0_0;
S_000002029b170540 .scope module, "fifo" "fifo_null_pages" 3 98, 4 1 0, S_000002029b20ecd0;
 .timescale -9 -12;
    .port_info 0 /INPUT 1 "clk";
    .port_info 1 /INPUT 1 "rst_n";
    .port_info 2 /INPUT 1 "pop_head";
    .port_info 3 /OUTPUT 11 "head_addr";
    .port_info 4 /INPUT 1 "push_tail";
    .port_info 5 /INPUT 11 "tail_addr";
v000002029b1233e0 .array "buf_mem", 0 255, 15 0;
v000002029b1d2770_0 .net "clk", 0 0, v000002029b245000_0;  alias, 1 drivers
v000002029b1d29f0_0 .var "head", 15 0;
v000002029b14ff50_0 .var "head_addr", 10 0;
v000002029b1706d0_0 .var "head_ptr", 7 0;
v000002029b170770_0 .var/i "i", 31 0;
v000002029b170810_0 .net "pop_head", 0 0, v000002029b2451e0_0;  alias, 1 drivers
v000002029b1708b0_0 .net "push_tail", 0 0, v000002029b244a60_0;  alias, 1 drivers
v000002029b15b6e0_0 .net "rst_n", 0 0, v000002029b2449c0_0;  alias, 1 drivers
v000002029b15b780_0 .var "tail", 15 0;
v000002029b15b820_0 .net "tail_addr", 10 0, v000002029b244740_0;  alias, 1 drivers
v000002029b15b8c0_0 .var "tail_ptr", 7 0;
E_000002029b293590/0 .event negedge, v000002029b15b6e0_0;
E_000002029b293590/1 .event posedge, v000002029b1d2770_0;
E_000002029b293590 .event/or E_000002029b293590/0, E_000002029b293590/1;
    .scope S_000002029b170540;
T_0 ;
    %pushi/vec4 0, 0, 8;
    %store/vec4 v000002029b1706d0_0, 0, 8;
    %pushi/vec4 63, 0, 8;
    %store/vec4 v000002029b15b8c0_0, 0, 8;
    %end;
    .thread T_0;
    .scope S_000002029b170540;
T_1 ;
    %wait E_000002029b293590;
    %load/vec4 v000002029b15b6e0_0;
    %nor/r;
    %flag_set/vec4 8;
    %jmp/0xz  T_1.0, 8;
    %pushi/vec4 0, 0, 32;
    %store/vec4 v000002029b170770_0, 0, 32;
T_1.2 ;
    %load/vec4 v000002029b170770_0;
    %cmpi/s 64, 0, 32;
    %jmp/0xz T_1.3, 5;
    %load/vec4 v000002029b170770_0;
    %ix/load 4, 5, 0;
    %flag_set/imm 4, 0;
    %shiftl 4;
    %concati/vec4 31, 0, 5;
    %pad/u 16;
    %ix/getv/s 3, v000002029b170770_0;
    %ix/load 4, 0, 0; Constant delay
    %assign/vec4/a/d v000002029b1233e0, 0, 4;
    %load/vec4 v000002029b170770_0;
    %addi 1, 0, 32;
    %store/vec4 v000002029b170770_0, 0, 32;
    %jmp T_1.2;
T_1.3 ;
    %pushi/vec4 64, 0, 32;
    %store/vec4 v000002029b170770_0, 0, 32;
T_1.4 ;
    %load/vec4 v000002029b170770_0;
    %cmpi/s 256, 0, 32;
    %jmp/0xz T_1.5, 5;
    %pushi/vec4 0, 0, 16;
    %ix/getv/s 3, v000002029b170770_0;
    %ix/load 4, 0, 0; Constant delay
    %assign/vec4/a/d v000002029b1233e0, 0, 4;
    %load/vec4 v000002029b170770_0;
    %addi 1, 0, 32;
    %store/vec4 v000002029b170770_0, 0, 32;
    %jmp T_1.4;
T_1.5 ;
    %jmp T_1.1;
T_1.0 ;
    %load/vec4 v000002029b1708b0_0;
    %flag_set/vec4 8;
    %jmp/0xz  T_1.6, 8;
    %load/vec4 v000002029b15b8c0_0;
    %pad/u 10;
    %ix/vec4 4;
    %load/vec4a v000002029b1233e0, 4;
    %store/vec4 v000002029b15b780_0, 0, 16;
    %load/vec4 v000002029b15b780_0;
    %parti/s 11, 5, 4;
    %pad/u 32;
    %load/vec4 v000002029b15b780_0;
    %parti/s 5, 0, 2;
    %pad/u 32;
    %add;
    %load/vec4 v000002029b15b820_0;
    %pad/u 32;
    %subi 1, 0, 32;
    %cmp/e;
    %flag_get/vec4 4;
    %jmp/0 T_1.10, 4;
    %load/vec4 v000002029b15b780_0;
    %parti/s 5, 0, 2;
    %pad/u 32;
    %cmpi/u 31, 0, 32;
    %flag_get/vec4 5;
    %and;
T_1.10;
    %flag_set/vec4 8;
    %jmp/0xz  T_1.8, 8;
    %load/vec4 v000002029b15b780_0;
    %addi 1, 0, 16;
    %store/vec4 v000002029b15b780_0, 0, 16;
    %jmp T_1.9;
T_1.8 ;
    %load/vec4 v000002029b15b8c0_0;
    %addi 1, 0, 8;
    %store/vec4 v000002029b15b8c0_0, 0, 8;
    %load/vec4 v000002029b15b820_0;
    %concati/vec4 0, 0, 5;
    %store/vec4 v000002029b15b780_0, 0, 16;
T_1.9 ;
    %load/vec4 v000002029b15b780_0;
    %load/vec4 v000002029b15b8c0_0;
    %pad/u 10;
    %ix/vec4 4;
    %store/vec4a v000002029b1233e0, 4, 0;
T_1.6 ;
    %load/vec4 v000002029b1706d0_0;
    %pad/u 10;
    %ix/vec4 4;
    %load/vec4a v000002029b1233e0, 4;
    %store/vec4 v000002029b1d29f0_0, 0, 16;
    %load/vec4 v000002029b1d29f0_0;
    %parti/s 11, 5, 4;
    %store/vec4 v000002029b14ff50_0, 0, 11;
    %load/vec4 v000002029b170810_0;
    %flag_set/vec4 8;
    %jmp/0xz  T_1.11, 8;
    %load/vec4 v000002029b1d29f0_0;
    %parti/s 5, 0, 2;
    %pad/u 32;
    %cmpi/e 0, 0, 32;
    %jmp/0xz  T_1.13, 4;
    %load/vec4 v000002029b1706d0_0;
    %addi 1, 0, 8;
    %store/vec4 v000002029b1706d0_0, 0, 8;
    %load/vec4 v000002029b1706d0_0;
    %pad/u 10;
    %ix/vec4 4;
    %load/vec4a v000002029b1233e0, 4;
    %store/vec4 v000002029b1d29f0_0, 0, 16;
    %jmp T_1.14;
T_1.13 ;
    %load/vec4 v000002029b1d29f0_0;
    %addi 31, 0, 16;
    %store/vec4 v000002029b1d29f0_0, 0, 16;
    %load/vec4 v000002029b1d29f0_0;
    %load/vec4 v000002029b1706d0_0;
    %pad/u 10;
    %ix/vec4 4;
    %store/vec4a v000002029b1233e0, 4, 0;
T_1.14 ;
T_1.11 ;
T_1.1 ;
    %jmp T_1;
    .thread T_1;
    .scope S_000002029b20ecd0;
T_2 ;
    %pushi/vec4 0, 0, 8;
    %store/vec4 v000002029b151840_0, 0, 8;
    %pushi/vec4 0, 0, 1;
    %store/vec4 v000002029b151520_0, 0, 1;
    %pushi/vec4 0, 0, 1;
    %store/vec4 v000002029b151160_0, 0, 1;
    %pushi/vec4 0, 0, 1;
    %store/vec4 v000002029b1513e0_0, 0, 1;
    %pushi/vec4 2047, 0, 11;
    %store/vec4 v000002029b151700_0, 0, 11;
    %pushi/vec4 0, 0, 32;
    %store/vec4 v000002029b151de0_0, 0, 32;
    %pushi/vec4 0, 0, 3;
    %store/vec4 v000002029b151f20_0, 0, 3;
    %pushi/vec4 0, 0, 3;
    %store/vec4 v000002029b151e80_0, 0, 3;
    %pushi/vec4 0, 0, 11;
    %store/vec4 v000002029b151660_0, 0, 11;
    %end;
    .thread T_2;
    .scope S_000002029b20ecd0;
T_3 ;
    %wait E_000002029b293050;
    %pushi/vec4 0, 0, 32;
    %store/vec4 v000002029b151a20_0, 0, 32;
T_3.0 ;
    %load/vec4 v000002029b151a20_0;
    %cmpi/s 16, 0, 32;
    %jmp/0xz T_3.1, 5;
    %pushi/vec4 0, 0, 11;
    %ix/getv/s 4, v000002029b151a20_0;
    %store/vec4a v000002029b151200, 4, 0;
    %load/vec4 v000002029b151a20_0;
    %addi 1, 0, 32;
    %store/vec4 v000002029b151a20_0, 0, 32;
    %jmp T_3.0;
T_3.1 ;
    %jmp T_3;
    .thread T_3;
    .scope S_000002029b20ecd0;
T_4 ;
    %wait E_000002029b293690;
    %pushi/vec4 0, 0, 32;
    %store/vec4 v000002029b151d40_0, 0, 32;
T_4.0 ;
    %load/vec4 v000002029b151d40_0;
    %cmpi/s 16, 0, 32;
    %jmp/0xz T_4.1, 5;
    %ix/getv/s 4, v000002029b151d40_0;
    %load/vec4a v000002029b151200, 4;
    %pad/u 32;
    %cmpi/e 0, 0, 32;
    %jmp/0xz  T_4.2, 4;
    %pushi/vec4 0, 0, 1;
    %load/vec4 v000002029b151d40_0;
    %muli 2, 0, 32;
    %ix/vec4/s 4;
    %store/vec4 v000002029b151de0_0, 4, 1;
    %pushi/vec4 0, 0, 1;
    %load/vec4 v000002029b151d40_0;
    %muli 2, 0, 32;
    %addi 1, 0, 32;
    %ix/vec4/s 4;
    %store/vec4 v000002029b151de0_0, 4, 1;
    %jmp T_4.3;
T_4.2 ;
    %ix/getv/s 4, v000002029b151d40_0;
    %load/vec4a v000002029b151200, 4;
    %pad/u 32;
    %cmpi/u 512, 0, 32;
    %jmp/0xz  T_4.4, 5;
    %pushi/vec4 1, 0, 1;
    %load/vec4 v000002029b151d40_0;
    %muli 2, 0, 32;
    %ix/vec4/s 4;
    %store/vec4 v000002029b151de0_0, 4, 1;
    %pushi/vec4 0, 0, 1;
    %load/vec4 v000002029b151d40_0;
    %muli 2, 0, 32;
    %addi 1, 0, 32;
    %ix/vec4/s 4;
    %store/vec4 v000002029b151de0_0, 4, 1;
    %jmp T_4.5;
T_4.4 ;
    %ix/getv/s 4, v000002029b151d40_0;
    %load/vec4a v000002029b151200, 4;
    %pad/u 32;
    %cmpi/u 1536, 0, 32;
    %jmp/0xz  T_4.6, 5;
    %pushi/vec4 0, 0, 1;
    %load/vec4 v000002029b151d40_0;
    %muli 2, 0, 32;
    %ix/vec4/s 4;
    %store/vec4 v000002029b151de0_0, 4, 1;
    %pushi/vec4 1, 0, 1;
    %load/vec4 v000002029b151d40_0;
    %muli 2, 0, 32;
    %addi 1, 0, 32;
    %ix/vec4/s 4;
    %store/vec4 v000002029b151de0_0, 4, 1;
    %jmp T_4.7;
T_4.6 ;
    %pushi/vec4 1, 0, 1;
    %load/vec4 v000002029b151d40_0;
    %muli 2, 0, 32;
    %ix/vec4/s 4;
    %store/vec4 v000002029b151de0_0, 4, 1;
    %pushi/vec4 1, 0, 1;
    %load/vec4 v000002029b151d40_0;
    %muli 2, 0, 32;
    %addi 1, 0, 32;
    %ix/vec4/s 4;
    %store/vec4 v000002029b151de0_0, 4, 1;
T_4.7 ;
T_4.5 ;
T_4.3 ;
    %load/vec4 v000002029b151d40_0;
    %addi 1, 0, 32;
    %store/vec4 v000002029b151d40_0, 0, 32;
    %jmp T_4.0;
T_4.1 ;
    %jmp T_4;
    .thread T_4;
    .scope S_000002029b20ecd0;
T_5 ;
    %wait E_000002029b293690;
    %load/vec4 v000002029b1512a0_0;
    %flag_set/vec4 8;
    %jmp/0xz  T_5.0, 8;
    %load/vec4 v000002029b1510c0_0;
    %load/vec4 v000002029b151480_0;
    %pad/u 13;
    %ix/vec4 4;
    %store/vec4a v000002029b151ca0, 4, 0;
T_5.0 ;
    %jmp T_5;
    .thread T_5;
    .scope S_000002029b20ecd0;
T_6 ;
    %wait E_000002029b293690;
    %load/vec4 v000002029b151340_0;
    %pad/u 13;
    %ix/vec4 4;
    %load/vec4a v000002029b151ca0, 4;
    %store/vec4 v000002029b151840_0, 0, 8;
    %jmp T_6;
    .thread T_6;
    .scope S_000002029b20ecd0;
T_7 ;
    %wait E_000002029b293690;
    %load/vec4 v000002029b151700_0;
    %pad/u 32;
    %cmpi/u 1, 0, 32;
    %flag_or 5, 4;
    %jmp/0xz  T_7.0, 5;
    %pushi/vec4 1, 0, 1;
    %store/vec4 v000002029b1513e0_0, 0, 1;
T_7.0 ;
    %jmp T_7;
    .thread T_7;
    .scope S_000002029b20ecd0;
T_8 ;
    %wait E_000002029b293690;
    %load/vec4 v000002029b151f20_0;
    %pad/u 32;
    %cmpi/u 7, 0, 32;
    %jmp/0xz  T_8.0, 5;
    %load/vec4 v000002029b151f20_0;
    %addi 1, 0, 3;
    %store/vec4 v000002029b151f20_0, 0, 3;
    %jmp T_8.1;
T_8.0 ;
    %pushi/vec4 0, 0, 1;
    %store/vec4 v000002029b151520_0, 0, 1;
T_8.1 ;
    %load/vec4 v000002029b151e80_0;
    %pad/u 32;
    %cmpi/u 7, 0, 32;
    %jmp/0xz  T_8.2, 5;
    %load/vec4 v000002029b151e80_0;
    %addi 1, 0, 3;
    %store/vec4 v000002029b151e80_0, 0, 3;
    %jmp T_8.3;
T_8.2 ;
    %pushi/vec4 0, 0, 1;
    %store/vec4 v000002029b151160_0, 0, 1;
T_8.3 ;
    %load/vec4 v000002029b151fc0_0;
    %flag_set/vec4 8;
    %jmp/0xz  T_8.4, 8;
    %load/vec4 v000002029b151700_0;
    %subi 1, 0, 11;
    %store/vec4 v000002029b151700_0, 0, 11;
    ; show_stmt_assign_vector: Get l-value for compressed += operand
    %load/vec4 v000002029b151c00_0;
    %pad/u 6;
    %ix/vec4 4;
    %flag_mov 8, 4;
    %load/vec4a v000002029b151200, 4;
    %pushi/vec4 1, 0, 11;
    %add;
    %flag_mov 4, 8;
    %store/vec4a v000002029b151200, 4, 0;
    ; show_stmt_assign_vector: Get l-value for compressed += operand
    %load/vec4 v000002029b151660_0;
    %pushi/vec4 1, 0, 11;
    %add;
    %store/vec4 v000002029b151660_0, 0, 11;
    %pushi/vec4 0, 0, 3;
    %store/vec4 v000002029b151f20_0, 0, 3;
    %pushi/vec4 1, 0, 1;
    %store/vec4 v000002029b151520_0, 0, 1;
T_8.4 ;
    %load/vec4 v000002029b151ac0_0;
    %flag_set/vec4 8;
    %jmp/0xz  T_8.6, 8;
    %load/vec4 v000002029b151700_0;
    %addi 1, 0, 11;
    %store/vec4 v000002029b151700_0, 0, 11;
    ; show_stmt_assign_vector: Get l-value for compressed -= operand
    %load/vec4 v000002029b151b60_0;
    %pad/u 6;
    %ix/vec4 4;
    %flag_mov 8, 4;
    %load/vec4a v000002029b151200, 4;
    %pushi/vec4 1, 0, 11;
    %sub;
    %flag_mov 4, 8;
    %store/vec4a v000002029b151200, 4, 0;
    %pushi/vec4 0, 0, 3;
    %store/vec4 v000002029b151e80_0, 0, 3;
    %pushi/vec4 1, 0, 1;
    %store/vec4 v000002029b151160_0, 0, 1;
T_8.6 ;
    %jmp T_8;
    .thread T_8;
    .scope S_000002029b276750;
T_9 ;
    %pushi/vec4 1, 0, 1;
    %store/vec4 v000002029b245000_0, 0, 1;
    %pushi/vec4 1, 0, 1;
    %store/vec4 v000002029b2449c0_0, 0, 1;
    %pushi/vec4 0, 0, 1;
    %store/vec4 v000002029b245e60_0, 0, 1;
    %pushi/vec4 0, 0, 11;
    %store/vec4 v000002029b244ba0_0, 0, 11;
    %pushi/vec4 0, 0, 8;
    %store/vec4 v000002029b245b40_0, 0, 8;
    %pushi/vec4 0, 0, 11;
    %store/vec4 v000002029b244920_0, 0, 11;
    %pushi/vec4 0, 0, 1;
    %store/vec4 v000002029b2451e0_0, 0, 1;
    %pushi/vec4 0, 0, 1;
    %store/vec4 v000002029b244a60_0, 0, 1;
    %pushi/vec4 0, 0, 11;
    %store/vec4 v000002029b244740_0, 0, 11;
    %end;
    .thread T_9;
    .scope S_000002029b276750;
T_10 ;
T_10.0 ;
    %delay 5000, 0;
    %load/vec4 v000002029b245000_0;
    %inv;
    %store/vec4 v000002029b245000_0, 0, 1;
    %jmp T_10.0;
    %end;
    .thread T_10;
    .scope S_000002029b276750;
T_11 ;
    %vpi_call 2 67 "$dumpfile", "test_sram_state.vcd" {0 0 0};
    %vpi_call 2 68 "$dumpvars" {0 0 0};
    %delay 10000, 0;
    %pushi/vec4 0, 0, 1;
    %store/vec4 v000002029b2449c0_0, 0, 1;
    %delay 10000, 0;
    %pushi/vec4 1, 0, 1;
    %store/vec4 v000002029b2449c0_0, 0, 1;
    %pushi/vec4 1, 0, 1;
    %store/vec4 v000002029b2451e0_0, 0, 1;
    %pushi/vec4 3, 0, 4;
    %store/vec4 v000002029b2453c0_0, 0, 4;
    %pushi/vec4 3, 0, 4;
    %store/vec4 v000002029b244600_0, 0, 4;
    %delay 10000, 0;
    %pushi/vec4 0, 0, 1;
    %store/vec4 v000002029b2451e0_0, 0, 1;
    %delay 10000, 0;
    %delay 10000, 0;
    %delay 10000, 0;
    %delay 10000, 0;
    %delay 10000, 0;
    %delay 10000, 0;
    %delay 10000, 0;
    %delay 10000, 0;
    %delay 10000, 0;
    %pushi/vec4 1, 0, 1;
    %store/vec4 v000002029b2451e0_0, 0, 1;
    %delay 10000, 0;
    %pushi/vec4 0, 0, 1;
    %store/vec4 v000002029b2451e0_0, 0, 1;
    %pushi/vec4 1, 0, 1;
    %store/vec4 v000002029b244a60_0, 0, 1;
    %pushi/vec4 0, 0, 11;
    %store/vec4 v000002029b244740_0, 0, 11;
    %delay 10000, 0;
    %pushi/vec4 0, 0, 1;
    %store/vec4 v000002029b244a60_0, 0, 1;
    %pushi/vec4 1, 0, 1;
    %store/vec4 v000002029b2451e0_0, 0, 1;
    %delay 10000, 0;
    %delay 10000, 0;
    %delay 10000, 0;
    %delay 10000, 0;
    %delay 10000, 0;
    %delay 10000, 0;
    %delay 10000, 0;
    %delay 10000, 0;
    %delay 10000, 0;
    %delay 10000, 0;
    %delay 10000, 0;
    %delay 10000, 0;
    %delay 10000, 0;
    %delay 10000, 0;
    %delay 10000, 0;
    %delay 10000, 0;
    %delay 10000, 0;
    %delay 10000, 0;
    %delay 10000, 0;
    %delay 10000, 0;
    %delay 10000, 0;
    %delay 10000, 0;
    %delay 10000, 0;
    %delay 10000, 0;
    %delay 10000, 0;
    %delay 10000, 0;
    %delay 10000, 0;
    %delay 10000, 0;
    %delay 10000, 0;
    %delay 10000, 0;
    %delay 10000, 0;
    %delay 10000, 0;
    %delay 10000, 0;
    %delay 10000, 0;
    %delay 10000, 0;
    %delay 10000, 0;
    %delay 10000, 0;
    %delay 10000, 0;
    %delay 10000, 0;
    %delay 10000, 0;
    %delay 10000, 0;
    %delay 10000, 0;
    %delay 10000, 0;
    %delay 10000, 0;
    %delay 10000, 0;
    %delay 10000, 0;
    %delay 10000, 0;
    %delay 10000, 0;
    %delay 10000, 0;
    %delay 10000, 0;
    %delay 10000, 0;
    %delay 10000, 0;
    %delay 10000, 0;
    %delay 10000, 0;
    %delay 10000, 0;
    %delay 10000, 0;
    %delay 10000, 0;
    %delay 10000, 0;
    %delay 10000, 0;
    %delay 10000, 0;
    %delay 10000, 0;
    %delay 10000, 0;
    %delay 10000, 0;
    %delay 10000, 0;
    %delay 10000, 0;
    %delay 10000, 0;
    %delay 10000, 0;
    %delay 10000, 0;
    %delay 10000, 0;
    %delay 10000, 0;
    %delay 10000, 0;
    %delay 10000, 0;
    %delay 10000, 0;
    %delay 10000, 0;
    %delay 10000, 0;
    %delay 10000, 0;
    %delay 10000, 0;
    %delay 10000, 0;
    %delay 10000, 0;
    %delay 10000, 0;
    %delay 10000, 0;
    %delay 10000, 0;
    %delay 10000, 0;
    %delay 10000, 0;
    %delay 10000, 0;
    %delay 10000, 0;
    %delay 10000, 0;
    %delay 10000, 0;
    %delay 10000, 0;
    %delay 10000, 0;
    %delay 10000, 0;
    %delay 10000, 0;
    %delay 10000, 0;
    %delay 10000, 0;
    %delay 10000, 0;
    %delay 10000, 0;
    %delay 10000, 0;
    %delay 10000, 0;
    %delay 10000, 0;
    %delay 10000, 0;
    %delay 10000, 0;
    %delay 10000, 0;
    %delay 10000, 0;
    %delay 10000, 0;
    %delay 10000, 0;
    %delay 10000, 0;
    %delay 10000, 0;
    %delay 10000, 0;
    %delay 10000, 0;
    %delay 10000, 0;
    %delay 10000, 0;
    %delay 10000, 0;
    %delay 10000, 0;
    %delay 10000, 0;
    %delay 10000, 0;
    %delay 10000, 0;
    %delay 10000, 0;
    %delay 10000, 0;
    %delay 10000, 0;
    %delay 10000, 0;
    %delay 10000, 0;
    %delay 10000, 0;
    %delay 10000, 0;
    %delay 10000, 0;
    %delay 10000, 0;
    %delay 10000, 0;
    %delay 10000, 0;
    %delay 10000, 0;
    %delay 10000, 0;
    %delay 10000, 0;
    %delay 10000, 0;
    %delay 10000, 0;
    %delay 10000, 0;
    %delay 10000, 0;
    %delay 10000, 0;
    %delay 10000, 0;
    %delay 10000, 0;
    %delay 10000, 0;
    %delay 10000, 0;
    %delay 10000, 0;
    %delay 10000, 0;
    %delay 10000, 0;
    %delay 10000, 0;
    %delay 10000, 0;
    %delay 10000, 0;
    %delay 10000, 0;
    %delay 10000, 0;
    %delay 10000, 0;
    %delay 10000, 0;
    %delay 10000, 0;
    %delay 10000, 0;
    %delay 10000, 0;
    %delay 10000, 0;
    %delay 10000, 0;
    %delay 10000, 0;
    %delay 10000, 0;
    %delay 10000, 0;
    %delay 10000, 0;
    %delay 10000, 0;
    %delay 10000, 0;
    %delay 10000, 0;
    %delay 10000, 0;
    %delay 10000, 0;
    %delay 10000, 0;
    %delay 10000, 0;
    %delay 10000, 0;
    %delay 10000, 0;
    %delay 10000, 0;
    %delay 10000, 0;
    %delay 10000, 0;
    %delay 10000, 0;
    %delay 10000, 0;
    %delay 10000, 0;
    %delay 10000, 0;
    %delay 10000, 0;
    %delay 10000, 0;
    %delay 10000, 0;
    %delay 10000, 0;
    %delay 10000, 0;
    %delay 10000, 0;
    %delay 10000, 0;
    %delay 10000, 0;
    %delay 10000, 0;
    %delay 10000, 0;
    %delay 10000, 0;
    %delay 10000, 0;
    %delay 10000, 0;
    %delay 10000, 0;
    %delay 10000, 0;
    %delay 10000, 0;
    %delay 10000, 0;
    %delay 10000, 0;
    %delay 10000, 0;
    %delay 10000, 0;
    %delay 10000, 0;
    %delay 10000, 0;
    %delay 10000, 0;
    %delay 10000, 0;
    %delay 10000, 0;
    %delay 10000, 0;
    %delay 10000, 0;
    %delay 10000, 0;
    %delay 10000, 0;
    %delay 10000, 0;
    %delay 10000, 0;
    %delay 10000, 0;
    %delay 10000, 0;
    %delay 10000, 0;
    %delay 10000, 0;
    %delay 10000, 0;
    %delay 10000, 0;
    %delay 10000, 0;
    %delay 10000, 0;
    %delay 10000, 0;
    %delay 10000, 0;
    %delay 10000, 0;
    %delay 10000, 0;
    %delay 10000, 0;
    %delay 10000, 0;
    %delay 10000, 0;
    %delay 10000, 0;
    %delay 10000, 0;
    %delay 10000, 0;
    %delay 10000, 0;
    %delay 10000, 0;
    %delay 10000, 0;
    %delay 10000, 0;
    %delay 10000, 0;
    %delay 10000, 0;
    %delay 10000, 0;
    %delay 10000, 0;
    %delay 10000, 0;
    %delay 10000, 0;
    %delay 10000, 0;
    %delay 10000, 0;
    %delay 10000, 0;
    %delay 10000, 0;
    %delay 10000, 0;
    %delay 10000, 0;
    %delay 10000, 0;
    %delay 10000, 0;
    %delay 10000, 0;
    %delay 10000, 0;
    %delay 10000, 0;
    %delay 10000, 0;
    %delay 10000, 0;
    %delay 10000, 0;
    %delay 10000, 0;
    %delay 10000, 0;
    %delay 10000, 0;
    %delay 10000, 0;
    %delay 10000, 0;
    %delay 10000, 0;
    %delay 10000, 0;
    %delay 10000, 0;
    %delay 10000, 0;
    %delay 10000, 0;
    %delay 10000, 0;
    %delay 10000, 0;
    %delay 10000, 0;
    %delay 10000, 0;
    %delay 10000, 0;
    %delay 10000, 0;
    %delay 10000, 0;
    %delay 10000, 0;
    %delay 10000, 0;
    %delay 10000, 0;
    %delay 10000, 0;
    %delay 10000, 0;
    %delay 10000, 0;
    %delay 10000, 0;
    %delay 10000, 0;
    %delay 10000, 0;
    %delay 10000, 0;
    %delay 10000, 0;
    %delay 10000, 0;
    %delay 10000, 0;
    %delay 10000, 0;
    %delay 10000, 0;
    %delay 10000, 0;
    %delay 10000, 0;
    %delay 10000, 0;
    %delay 10000, 0;
    %delay 10000, 0;
    %delay 10000, 0;
    %delay 10000, 0;
    %delay 10000, 0;
    %delay 10000, 0;
    %delay 10000, 0;
    %delay 10000, 0;
    %delay 10000, 0;
    %delay 10000, 0;
    %delay 10000, 0;
    %delay 10000, 0;
    %delay 10000, 0;
    %delay 10000, 0;
    %delay 10000, 0;
    %delay 10000, 0;
    %delay 10000, 0;
    %delay 10000, 0;
    %delay 10000, 0;
    %delay 10000, 0;
    %delay 10000, 0;
    %delay 10000, 0;
    %delay 10000, 0;
    %delay 10000, 0;
    %delay 10000, 0;
    %delay 10000, 0;
    %delay 10000, 0;
    %delay 10000, 0;
    %delay 10000, 0;
    %delay 10000, 0;
    %delay 10000, 0;
    %delay 10000, 0;
    %delay 10000, 0;
    %delay 10000, 0;
    %delay 10000, 0;
    %delay 10000, 0;
    %delay 10000, 0;
    %delay 10000, 0;
    %delay 10000, 0;
    %delay 10000, 0;
    %delay 10000, 0;
    %delay 10000, 0;
    %delay 10000, 0;
    %delay 10000, 0;
    %delay 10000, 0;
    %delay 10000, 0;
    %delay 10000, 0;
    %delay 10000, 0;
    %delay 10000, 0;
    %delay 10000, 0;
    %delay 10000, 0;
    %delay 10000, 0;
    %delay 10000, 0;
    %delay 10000, 0;
    %delay 10000, 0;
    %delay 10000, 0;
    %delay 10000, 0;
    %delay 10000, 0;
    %delay 10000, 0;
    %delay 10000, 0;
    %delay 10000, 0;
    %delay 10000, 0;
    %delay 10000, 0;
    %delay 10000, 0;
    %delay 10000, 0;
    %delay 10000, 0;
    %delay 10000, 0;
    %delay 10000, 0;
    %delay 10000, 0;
    %delay 10000, 0;
    %delay 10000, 0;
    %delay 10000, 0;
    %delay 10000, 0;
    %delay 10000, 0;
    %delay 10000, 0;
    %delay 10000, 0;
    %delay 10000, 0;
    %delay 10000, 0;
    %delay 10000, 0;
    %delay 10000, 0;
    %delay 10000, 0;
    %delay 10000, 0;
    %delay 10000, 0;
    %delay 10000, 0;
    %delay 10000, 0;
    %delay 10000, 0;
    %delay 10000, 0;
    %delay 10000, 0;
    %delay 10000, 0;
    %delay 10000, 0;
    %delay 10000, 0;
    %delay 10000, 0;
    %delay 10000, 0;
    %delay 10000, 0;
    %delay 10000, 0;
    %delay 10000, 0;
    %delay 10000, 0;
    %delay 10000, 0;
    %delay 10000, 0;
    %delay 10000, 0;
    %delay 10000, 0;
    %delay 10000, 0;
    %delay 10000, 0;
    %delay 10000, 0;
    %delay 10000, 0;
    %delay 10000, 0;
    %delay 10000, 0;
    %delay 10000, 0;
    %delay 10000, 0;
    %delay 10000, 0;
    %delay 10000, 0;
    %delay 10000, 0;
    %delay 10000, 0;
    %delay 10000, 0;
    %delay 10000, 0;
    %delay 10000, 0;
    %delay 10000, 0;
    %delay 10000, 0;
    %delay 10000, 0;
    %delay 10000, 0;
    %delay 10000, 0;
    %delay 10000, 0;
    %delay 10000, 0;
    %delay 10000, 0;
    %delay 10000, 0;
    %delay 10000, 0;
    %delay 10000, 0;
    %delay 10000, 0;
    %delay 10000, 0;
    %delay 10000, 0;
    %delay 10000, 0;
    %delay 10000, 0;
    %delay 10000, 0;
    %delay 10000, 0;
    %delay 10000, 0;
    %delay 10000, 0;
    %delay 10000, 0;
    %delay 10000, 0;
    %delay 10000, 0;
    %delay 10000, 0;
    %delay 10000, 0;
    %delay 10000, 0;
    %delay 10000, 0;
    %delay 10000, 0;
    %delay 10000, 0;
    %delay 10000, 0;
    %delay 10000, 0;
    %delay 10000, 0;
    %delay 10000, 0;
    %delay 10000, 0;
    %delay 10000, 0;
    %delay 10000, 0;
    %delay 10000, 0;
    %delay 10000, 0;
    %delay 10000, 0;
    %delay 10000, 0;
    %delay 10000, 0;
    %delay 10000, 0;
    %delay 10000, 0;
    %delay 10000, 0;
    %delay 10000, 0;
    %delay 10000, 0;
    %delay 10000, 0;
    %delay 10000, 0;
    %delay 10000, 0;
    %delay 10000, 0;
    %delay 10000, 0;
    %delay 10000, 0;
    %delay 10000, 0;
    %delay 10000, 0;
    %delay 10000, 0;
    %delay 10000, 0;
    %delay 10000, 0;
    %delay 10000, 0;
    %delay 10000, 0;
    %delay 10000, 0;
    %delay 10000, 0;
    %delay 10000, 0;
    %delay 10000, 0;
    %delay 10000, 0;
    %delay 10000, 0;
    %delay 10000, 0;
    %delay 10000, 0;
    %delay 10000, 0;
    %delay 10000, 0;
    %delay 10000, 0;
    %delay 10000, 0;
    %delay 10000, 0;
    %delay 10000, 0;
    %delay 10000, 0;
    %delay 10000, 0;
    %delay 10000, 0;
    %delay 10000, 0;
    %delay 10000, 0;
    %delay 10000, 0;
    %delay 10000, 0;
    %delay 10000, 0;
    %delay 10000, 0;
    %delay 10000, 0;
    %delay 10000, 0;
    %delay 10000, 0;
    %delay 10000, 0;
    %delay 10000, 0;
    %delay 10000, 0;
    %delay 10000, 0;
    %delay 10000, 0;
    %delay 10000, 0;
    %delay 10000, 0;
    %delay 10000, 0;
    %delay 10000, 0;
    %delay 10000, 0;
    %delay 10000, 0;
    %delay 10000, 0;
    %delay 10000, 0;
    %delay 10000, 0;
    %delay 10000, 0;
    %delay 10000, 0;
    %delay 10000, 0;
    %delay 10000, 0;
    %delay 10000, 0;
    %delay 10000, 0;
    %delay 10000, 0;
    %delay 10000, 0;
    %delay 10000, 0;
    %delay 10000, 0;
    %delay 10000, 0;
    %delay 10000, 0;
    %delay 10000, 0;
    %delay 10000, 0;
    %delay 10000, 0;
    %delay 10000, 0;
    %delay 10000, 0;
    %delay 10000, 0;
    %delay 10000, 0;
    %delay 10000, 0;
    %delay 10000, 0;
    %delay 10000, 0;
    %delay 10000, 0;
    %delay 10000, 0;
    %delay 10000, 0;
    %delay 10000, 0;
    %delay 10000, 0;
    %delay 10000, 0;
    %delay 10000, 0;
    %delay 10000, 0;
    %delay 10000, 0;
    %delay 10000, 0;
    %delay 10000, 0;
    %delay 10000, 0;
    %delay 10000, 0;
    %delay 10000, 0;
    %delay 10000, 0;
    %delay 10000, 0;
    %delay 10000, 0;
    %delay 10000, 0;
    %delay 10000, 0;
    %delay 10000, 0;
    %delay 10000, 0;
    %delay 10000, 0;
    %delay 10000, 0;
    %delay 10000, 0;
    %delay 10000, 0;
    %delay 10000, 0;
    %delay 10000, 0;
    %delay 10000, 0;
    %delay 10000, 0;
    %delay 10000, 0;
    %delay 10000, 0;
    %delay 10000, 0;
    %delay 10000, 0;
    %delay 10000, 0;
    %delay 10000, 0;
    %delay 10000, 0;
    %delay 10000, 0;
    %delay 10000, 0;
    %delay 10000, 0;
    %delay 10000, 0;
    %delay 10000, 0;
    %delay 10000, 0;
    %delay 10000, 0;
    %delay 10000, 0;
    %delay 10000, 0;
    %delay 10000, 0;
    %delay 10000, 0;
    %delay 10000, 0;
    %delay 10000, 0;
    %delay 10000, 0;
    %delay 10000, 0;
    %delay 10000, 0;
    %delay 10000, 0;
    %delay 10000, 0;
    %delay 10000, 0;
    %delay 10000, 0;
    %delay 10000, 0;
    %delay 10000, 0;
    %delay 10000, 0;
    %delay 10000, 0;
    %delay 10000, 0;
    %delay 10000, 0;
    %delay 10000, 0;
    %delay 10000, 0;
    %delay 10000, 0;
    %delay 10000, 0;
    %delay 10000, 0;
    %delay 10000, 0;
    %delay 10000, 0;
    %delay 10000, 0;
    %delay 10000, 0;
    %delay 10000, 0;
    %delay 10000, 0;
    %delay 10000, 0;
    %delay 10000, 0;
    %delay 10000, 0;
    %delay 10000, 0;
    %delay 10000, 0;
    %delay 10000, 0;
    %delay 10000, 0;
    %delay 10000, 0;
    %delay 10000, 0;
    %delay 10000, 0;
    %delay 10000, 0;
    %delay 10000, 0;
    %delay 10000, 0;
    %delay 10000, 0;
    %delay 10000, 0;
    %delay 10000, 0;
    %delay 10000, 0;
    %delay 10000, 0;
    %delay 10000, 0;
    %delay 10000, 0;
    %delay 10000, 0;
    %delay 10000, 0;
    %delay 10000, 0;
    %delay 10000, 0;
    %delay 10000, 0;
    %delay 10000, 0;
    %delay 10000, 0;
    %delay 10000, 0;
    %delay 10000, 0;
    %delay 10000, 0;
    %delay 10000, 0;
    %delay 10000, 0;
    %delay 10000, 0;
    %delay 10000, 0;
    %delay 10000, 0;
    %delay 10000, 0;
    %delay 10000, 0;
    %delay 10000, 0;
    %delay 10000, 0;
    %delay 10000, 0;
    %delay 10000, 0;
    %delay 10000, 0;
    %delay 10000, 0;
    %delay 10000, 0;
    %delay 10000, 0;
    %delay 10000, 0;
    %delay 10000, 0;
    %delay 10000, 0;
    %delay 10000, 0;
    %delay 10000, 0;
    %delay 10000, 0;
    %delay 10000, 0;
    %delay 10000, 0;
    %delay 10000, 0;
    %delay 10000, 0;
    %delay 10000, 0;
    %delay 10000, 0;
    %delay 10000, 0;
    %delay 10000, 0;
    %delay 10000, 0;
    %delay 10000, 0;
    %delay 10000, 0;
    %delay 10000, 0;
    %delay 10000, 0;
    %delay 10000, 0;
    %delay 10000, 0;
    %delay 10000, 0;
    %delay 10000, 0;
    %delay 10000, 0;
    %delay 10000, 0;
    %delay 10000, 0;
    %delay 10000, 0;
    %delay 10000, 0;
    %delay 10000, 0;
    %delay 10000, 0;
    %delay 10000, 0;
    %delay 10000, 0;
    %delay 10000, 0;
    %delay 10000, 0;
    %delay 10000, 0;
    %delay 10000, 0;
    %delay 10000, 0;
    %delay 10000, 0;
    %delay 10000, 0;
    %delay 10000, 0;
    %delay 10000, 0;
    %delay 10000, 0;
    %delay 10000, 0;
    %delay 10000, 0;
    %delay 10000, 0;
    %delay 10000, 0;
    %delay 10000, 0;
    %delay 10000, 0;
    %delay 10000, 0;
    %delay 10000, 0;
    %delay 10000, 0;
    %delay 10000, 0;
    %delay 10000, 0;
    %delay 10000, 0;
    %delay 10000, 0;
    %delay 10000, 0;
    %delay 10000, 0;
    %delay 10000, 0;
    %delay 10000, 0;
    %delay 10000, 0;
    %delay 10000, 0;
    %delay 10000, 0;
    %delay 10000, 0;
    %delay 10000, 0;
    %delay 10000, 0;
    %delay 10000, 0;
    %delay 10000, 0;
    %delay 10000, 0;
    %delay 10000, 0;
    %delay 10000, 0;
    %delay 10000, 0;
    %delay 10000, 0;
    %delay 10000, 0;
    %delay 10000, 0;
    %delay 10000, 0;
    %delay 10000, 0;
    %delay 10000, 0;
    %delay 10000, 0;
    %delay 10000, 0;
    %delay 10000, 0;
    %delay 10000, 0;
    %delay 10000, 0;
    %delay 10000, 0;
    %delay 10000, 0;
    %delay 10000, 0;
    %delay 10000, 0;
    %delay 10000, 0;
    %delay 10000, 0;
    %delay 10000, 0;
    %delay 10000, 0;
    %delay 10000, 0;
    %delay 10000, 0;
    %delay 10000, 0;
    %delay 10000, 0;
    %delay 10000, 0;
    %delay 10000, 0;
    %delay 10000, 0;
    %delay 10000, 0;
    %delay 10000, 0;
    %delay 10000, 0;
    %delay 10000, 0;
    %delay 10000, 0;
    %delay 10000, 0;
    %delay 10000, 0;
    %delay 10000, 0;
    %delay 10000, 0;
    %delay 10000, 0;
    %delay 10000, 0;
    %delay 10000, 0;
    %delay 10000, 0;
    %delay 10000, 0;
    %delay 10000, 0;
    %delay 10000, 0;
    %delay 10000, 0;
    %delay 10000, 0;
    %delay 10000, 0;
    %delay 10000, 0;
    %delay 10000, 0;
    %delay 10000, 0;
    %delay 10000, 0;
    %delay 10000, 0;
    %delay 10000, 0;
    %delay 10000, 0;
    %delay 10000, 0;
    %delay 10000, 0;
    %delay 10000, 0;
    %delay 10000, 0;
    %delay 10000, 0;
    %delay 10000, 0;
    %delay 10000, 0;
    %delay 10000, 0;
    %delay 10000, 0;
    %delay 10000, 0;
    %delay 10000, 0;
    %delay 10000, 0;
    %delay 10000, 0;
    %delay 10000, 0;
    %delay 10000, 0;
    %delay 10000, 0;
    %delay 10000, 0;
    %delay 10000, 0;
    %delay 10000, 0;
    %delay 10000, 0;
    %delay 10000, 0;
    %delay 10000, 0;
    %delay 10000, 0;
    %delay 10000, 0;
    %delay 10000, 0;
    %delay 10000, 0;
    %delay 10000, 0;
    %delay 10000, 0;
    %delay 10000, 0;
    %delay 10000, 0;
    %delay 10000, 0;
    %delay 10000, 0;
    %delay 10000, 0;
    %delay 10000, 0;
    %delay 10000, 0;
    %delay 10000, 0;
    %delay 10000, 0;
    %delay 10000, 0;
    %delay 10000, 0;
    %delay 10000, 0;
    %delay 10000, 0;
    %delay 10000, 0;
    %delay 10000, 0;
    %delay 10000, 0;
    %delay 10000, 0;
    %delay 10000, 0;
    %delay 10000, 0;
    %delay 10000, 0;
    %delay 10000, 0;
    %delay 10000, 0;
    %delay 10000, 0;
    %delay 10000, 0;
    %delay 10000, 0;
    %delay 10000, 0;
    %delay 10000, 0;
    %delay 10000, 0;
    %delay 10000, 0;
    %delay 10000, 0;
    %delay 10000, 0;
    %delay 10000, 0;
    %delay 10000, 0;
    %delay 10000, 0;
    %delay 10000, 0;
    %delay 10000, 0;
    %delay 10000, 0;
    %delay 10000, 0;
    %delay 10000, 0;
    %delay 10000, 0;
    %delay 10000, 0;
    %delay 10000, 0;
    %delay 10000, 0;
    %delay 10000, 0;
    %delay 10000, 0;
    %delay 10000, 0;
    %delay 10000, 0;
    %delay 10000, 0;
    %delay 10000, 0;
    %delay 10000, 0;
    %delay 10000, 0;
    %delay 10000, 0;
    %delay 10000, 0;
    %delay 10000, 0;
    %delay 10000, 0;
    %delay 10000, 0;
    %delay 10000, 0;
    %delay 10000, 0;
    %delay 10000, 0;
    %delay 10000, 0;
    %delay 10000, 0;
    %delay 10000, 0;
    %delay 10000, 0;
    %delay 10000, 0;
    %delay 10000, 0;
    %delay 10000, 0;
    %delay 10000, 0;
    %delay 10000, 0;
    %delay 10000, 0;
    %delay 10000, 0;
    %delay 10000, 0;
    %delay 10000, 0;
    %delay 10000, 0;
    %delay 10000, 0;
    %delay 10000, 0;
    %delay 10000, 0;
    %delay 10000, 0;
    %delay 10000, 0;
    %delay 10000, 0;
    %delay 10000, 0;
    %delay 10000, 0;
    %delay 10000, 0;
    %delay 10000, 0;
    %delay 10000, 0;
    %delay 10000, 0;
    %delay 10000, 0;
    %delay 10000, 0;
    %delay 10000, 0;
    %delay 10000, 0;
    %delay 10000, 0;
    %delay 10000, 0;
    %delay 10000, 0;
    %delay 10000, 0;
    %delay 10000, 0;
    %delay 10000, 0;
    %delay 10000, 0;
    %delay 10000, 0;
    %delay 10000, 0;
    %delay 10000, 0;
    %delay 10000, 0;
    %delay 10000, 0;
    %delay 10000, 0;
    %delay 10000, 0;
    %delay 10000, 0;
    %delay 10000, 0;
    %delay 10000, 0;
    %delay 10000, 0;
    %delay 10000, 0;
    %delay 10000, 0;
    %delay 10000, 0;
    %delay 10000, 0;
    %delay 10000, 0;
    %delay 10000, 0;
    %delay 10000, 0;
    %delay 10000, 0;
    %delay 10000, 0;
    %delay 10000, 0;
    %delay 10000, 0;
    %delay 10000, 0;
    %delay 10000, 0;
    %delay 10000, 0;
    %delay 10000, 0;
    %delay 10000, 0;
    %delay 10000, 0;
    %delay 10000, 0;
    %delay 10000, 0;
    %delay 10000, 0;
    %delay 10000, 0;
    %delay 10000, 0;
    %delay 10000, 0;
    %delay 10000, 0;
    %delay 10000, 0;
    %delay 10000, 0;
    %delay 10000, 0;
    %delay 10000, 0;
    %delay 10000, 0;
    %delay 10000, 0;
    %delay 10000, 0;
    %delay 10000, 0;
    %delay 10000, 0;
    %delay 10000, 0;
    %delay 10000, 0;
    %delay 10000, 0;
    %delay 10000, 0;
    %delay 10000, 0;
    %delay 10000, 0;
    %delay 10000, 0;
    %delay 10000, 0;
    %delay 10000, 0;
    %delay 10000, 0;
    %delay 10000, 0;
    %delay 10000, 0;
    %delay 10000, 0;
    %delay 10000, 0;
    %delay 10000, 0;
    %delay 10000, 0;
    %delay 10000, 0;
    %delay 10000, 0;
    %delay 10000, 0;
    %delay 10000, 0;
    %delay 10000, 0;
    %delay 10000, 0;
    %delay 10000, 0;
    %delay 10000, 0;
    %delay 10000, 0;
    %delay 10000, 0;
    %delay 10000, 0;
    %delay 10000, 0;
    %delay 10000, 0;
    %delay 10000, 0;
    %delay 10000, 0;
    %delay 10000, 0;
    %delay 10000, 0;
    %delay 10000, 0;
    %delay 10000, 0;
    %delay 10000, 0;
    %delay 10000, 0;
    %delay 10000, 0;
    %delay 10000, 0;
    %delay 10000, 0;
    %delay 10000, 0;
    %delay 10000, 0;
    %delay 10000, 0;
    %delay 10000, 0;
    %delay 10000, 0;
    %delay 10000, 0;
    %delay 10000, 0;
    %delay 10000, 0;
    %delay 10000, 0;
    %delay 10000, 0;
    %delay 10000, 0;
    %delay 10000, 0;
    %delay 10000, 0;
    %delay 10000, 0;
    %delay 10000, 0;
    %delay 10000, 0;
    %delay 10000, 0;
    %delay 10000, 0;
    %delay 10000, 0;
    %delay 10000, 0;
    %delay 10000, 0;
    %delay 10000, 0;
    %delay 10000, 0;
    %delay 10000, 0;
    %delay 10000, 0;
    %delay 10000, 0;
    %delay 10000, 0;
    %delay 10000, 0;
    %delay 10000, 0;
    %delay 10000, 0;
    %delay 10000, 0;
    %delay 10000, 0;
    %delay 10000, 0;
    %delay 10000, 0;
    %delay 10000, 0;
    %delay 10000, 0;
    %delay 10000, 0;
    %delay 10000, 0;
    %delay 10000, 0;
    %delay 10000, 0;
    %delay 10000, 0;
    %delay 10000, 0;
    %delay 10000, 0;
    %delay 10000, 0;
    %delay 10000, 0;
    %delay 10000, 0;
    %delay 10000, 0;
    %delay 10000, 0;
    %delay 10000, 0;
    %delay 10000, 0;
    %delay 10000, 0;
    %delay 10000, 0;
    %delay 10000, 0;
    %delay 10000, 0;
    %delay 10000, 0;
    %delay 10000, 0;
    %delay 10000, 0;
    %delay 10000, 0;
    %delay 10000, 0;
    %delay 10000, 0;
    %delay 10000, 0;
    %delay 10000, 0;
    %delay 10000, 0;
    %delay 10000, 0;
    %delay 10000, 0;
    %delay 10000, 0;
    %delay 10000, 0;
    %delay 10000, 0;
    %delay 10000, 0;
    %delay 10000, 0;
    %delay 10000, 0;
    %delay 10000, 0;
    %delay 10000, 0;
    %delay 10000, 0;
    %delay 10000, 0;
    %delay 10000, 0;
    %delay 10000, 0;
    %delay 10000, 0;
    %delay 10000, 0;
    %delay 10000, 0;
    %delay 10000, 0;
    %delay 10000, 0;
    %delay 10000, 0;
    %delay 10000, 0;
    %delay 10000, 0;
    %delay 10000, 0;
    %delay 10000, 0;
    %delay 10000, 0;
    %delay 10000, 0;
    %delay 10000, 0;
    %delay 10000, 0;
    %delay 10000, 0;
    %delay 10000, 0;
    %delay 10000, 0;
    %delay 10000, 0;
    %delay 10000, 0;
    %delay 10000, 0;
    %delay 10000, 0;
    %delay 10000, 0;
    %delay 10000, 0;
    %delay 10000, 0;
    %delay 10000, 0;
    %delay 10000, 0;
    %delay 10000, 0;
    %delay 10000, 0;
    %delay 10000, 0;
    %delay 10000, 0;
    %delay 10000, 0;
    %delay 10000, 0;
    %delay 10000, 0;
    %delay 10000, 0;
    %delay 10000, 0;
    %delay 10000, 0;
    %delay 10000, 0;
    %delay 10000, 0;
    %delay 10000, 0;
    %delay 10000, 0;
    %delay 10000, 0;
    %delay 10000, 0;
    %delay 10000, 0;
    %delay 10000, 0;
    %delay 10000, 0;
    %delay 10000, 0;
    %delay 10000, 0;
    %delay 10000, 0;
    %delay 10000, 0;
    %delay 10000, 0;
    %delay 10000, 0;
    %delay 10000, 0;
    %delay 10000, 0;
    %delay 10000, 0;
    %delay 10000, 0;
    %delay 10000, 0;
    %delay 10000, 0;
    %delay 10000, 0;
    %delay 10000, 0;
    %delay 10000, 0;
    %delay 10000, 0;
    %delay 10000, 0;
    %delay 10000, 0;
    %delay 10000, 0;
    %delay 10000, 0;
    %delay 10000, 0;
    %delay 10000, 0;
    %delay 10000, 0;
    %delay 10000, 0;
    %delay 10000, 0;
    %delay 10000, 0;
    %delay 10000, 0;
    %delay 10000, 0;
    %delay 10000, 0;
    %delay 10000, 0;
    %delay 10000, 0;
    %delay 10000, 0;
    %delay 10000, 0;
    %delay 10000, 0;
    %delay 10000, 0;
    %delay 10000, 0;
    %delay 10000, 0;
    %delay 10000, 0;
    %delay 10000, 0;
    %delay 10000, 0;
    %delay 10000, 0;
    %delay 10000, 0;
    %delay 10000, 0;
    %delay 10000, 0;
    %delay 10000, 0;
    %delay 10000, 0;
    %delay 10000, 0;
    %delay 10000, 0;
    %delay 10000, 0;
    %delay 10000, 0;
    %delay 10000, 0;
    %delay 10000, 0;
    %delay 10000, 0;
    %delay 10000, 0;
    %delay 10000, 0;
    %delay 10000, 0;
    %delay 10000, 0;
    %delay 10000, 0;
    %delay 10000, 0;
    %delay 10000, 0;
    %delay 10000, 0;
    %delay 10000, 0;
    %delay 10000, 0;
    %delay 10000, 0;
    %delay 10000, 0;
    %delay 10000, 0;
    %delay 10000, 0;
    %delay 10000, 0;
    %delay 10000, 0;
    %delay 10000, 0;
    %delay 10000, 0;
    %delay 10000, 0;
    %delay 10000, 0;
    %delay 10000, 0;
    %delay 10000, 0;
    %delay 10000, 0;
    %delay 10000, 0;
    %delay 10000, 0;
    %delay 10000, 0;
    %delay 10000, 0;
    %delay 10000, 0;
    %delay 10000, 0;
    %delay 10000, 0;
    %delay 10000, 0;
    %delay 10000, 0;
    %delay 10000, 0;
    %delay 10000, 0;
    %delay 10000, 0;
    %delay 10000, 0;
    %delay 10000, 0;
    %delay 10000, 0;
    %delay 10000, 0;
    %delay 10000, 0;
    %delay 10000, 0;
    %delay 10000, 0;
    %delay 10000, 0;
    %delay 10000, 0;
    %delay 10000, 0;
    %delay 10000, 0;
    %delay 10000, 0;
    %delay 10000, 0;
    %delay 10000, 0;
    %delay 10000, 0;
    %delay 10000, 0;
    %delay 10000, 0;
    %delay 10000, 0;
    %delay 10000, 0;
    %delay 10000, 0;
    %delay 10000, 0;
    %delay 10000, 0;
    %delay 10000, 0;
    %delay 10000, 0;
    %delay 10000, 0;
    %delay 10000, 0;
    %delay 10000, 0;
    %delay 10000, 0;
    %delay 10000, 0;
    %delay 10000, 0;
    %delay 10000, 0;
    %delay 10000, 0;
    %delay 10000, 0;
    %delay 10000, 0;
    %delay 10000, 0;
    %delay 10000, 0;
    %delay 10000, 0;
    %delay 10000, 0;
    %delay 10000, 0;
    %delay 10000, 0;
    %delay 10000, 0;
    %delay 10000, 0;
    %delay 10000, 0;
    %delay 10000, 0;
    %delay 10000, 0;
    %delay 10000, 0;
    %delay 10000, 0;
    %delay 10000, 0;
    %delay 10000, 0;
    %delay 10000, 0;
    %delay 10000, 0;
    %delay 10000, 0;
    %delay 10000, 0;
    %delay 10000, 0;
    %delay 10000, 0;
    %delay 10000, 0;
    %delay 10000, 0;
    %delay 10000, 0;
    %delay 10000, 0;
    %delay 10000, 0;
    %delay 10000, 0;
    %delay 10000, 0;
    %delay 10000, 0;
    %delay 10000, 0;
    %delay 10000, 0;
    %delay 10000, 0;
    %delay 10000, 0;
    %delay 10000, 0;
    %delay 10000, 0;
    %delay 10000, 0;
    %delay 10000, 0;
    %delay 10000, 0;
    %delay 10000, 0;
    %delay 10000, 0;
    %delay 10000, 0;
    %delay 10000, 0;
    %delay 10000, 0;
    %delay 10000, 0;
    %delay 10000, 0;
    %delay 10000, 0;
    %delay 10000, 0;
    %delay 10000, 0;
    %delay 10000, 0;
    %delay 10000, 0;
    %delay 10000, 0;
    %delay 10000, 0;
    %delay 10000, 0;
    %delay 10000, 0;
    %delay 10000, 0;
    %delay 10000, 0;
    %delay 10000, 0;
    %delay 10000, 0;
    %delay 10000, 0;
    %delay 10000, 0;
    %delay 10000, 0;
    %delay 10000, 0;
    %delay 10000, 0;
    %delay 10000, 0;
    %delay 10000, 0;
    %delay 10000, 0;
    %delay 10000, 0;
    %delay 10000, 0;
    %delay 10000, 0;
    %delay 10000, 0;
    %delay 10000, 0;
    %delay 10000, 0;
    %delay 10000, 0;
    %delay 10000, 0;
    %delay 10000, 0;
    %delay 10000, 0;
    %delay 10000, 0;
    %delay 10000, 0;
    %delay 10000, 0;
    %delay 10000, 0;
    %delay 10000, 0;
    %delay 10000, 0;
    %delay 10000, 0;
    %delay 10000, 0;
    %delay 10000, 0;
    %delay 10000, 0;
    %delay 10000, 0;
    %delay 10000, 0;
    %delay 10000, 0;
    %delay 10000, 0;
    %delay 10000, 0;
    %delay 10000, 0;
    %delay 10000, 0;
    %delay 10000, 0;
    %delay 10000, 0;
    %delay 10000, 0;
    %delay 10000, 0;
    %delay 10000, 0;
    %delay 10000, 0;
    %delay 10000, 0;
    %delay 10000, 0;
    %delay 10000, 0;
    %delay 10000, 0;
    %delay 10000, 0;
    %delay 10000, 0;
    %delay 10000, 0;
    %delay 10000, 0;
    %delay 10000, 0;
    %delay 10000, 0;
    %delay 10000, 0;
    %delay 10000, 0;
    %delay 10000, 0;
    %delay 10000, 0;
    %delay 10000, 0;
    %delay 10000, 0;
    %delay 10000, 0;
    %delay 10000, 0;
    %delay 10000, 0;
    %delay 10000, 0;
    %delay 10000, 0;
    %delay 10000, 0;
    %delay 10000, 0;
    %delay 10000, 0;
    %delay 10000, 0;
    %delay 10000, 0;
    %delay 10000, 0;
    %delay 10000, 0;
    %delay 10000, 0;
    %delay 10000, 0;
    %delay 10000, 0;
    %delay 10000, 0;
    %delay 10000, 0;
    %delay 10000, 0;
    %delay 10000, 0;
    %delay 10000, 0;
    %delay 10000, 0;
    %delay 10000, 0;
    %delay 10000, 0;
    %delay 10000, 0;
    %delay 10000, 0;
    %delay 10000, 0;
    %delay 10000, 0;
    %delay 10000, 0;
    %delay 10000, 0;
    %delay 10000, 0;
    %delay 10000, 0;
    %delay 10000, 0;
    %delay 10000, 0;
    %delay 10000, 0;
    %delay 10000, 0;
    %delay 10000, 0;
    %delay 10000, 0;
    %delay 10000, 0;
    %delay 10000, 0;
    %delay 10000, 0;
    %delay 10000, 0;
    %delay 10000, 0;
    %delay 10000, 0;
    %delay 10000, 0;
    %delay 10000, 0;
    %delay 10000, 0;
    %delay 10000, 0;
    %delay 10000, 0;
    %delay 10000, 0;
    %delay 10000, 0;
    %delay 10000, 0;
    %delay 10000, 0;
    %delay 10000, 0;
    %delay 10000, 0;
    %delay 10000, 0;
    %delay 10000, 0;
    %delay 10000, 0;
    %delay 10000, 0;
    %delay 10000, 0;
    %delay 10000, 0;
    %delay 10000, 0;
    %delay 10000, 0;
    %delay 10000, 0;
    %delay 10000, 0;
    %delay 10000, 0;
    %delay 10000, 0;
    %delay 10000, 0;
    %delay 10000, 0;
    %delay 10000, 0;
    %delay 10000, 0;
    %delay 10000, 0;
    %delay 10000, 0;
    %delay 10000, 0;
    %delay 10000, 0;
    %delay 10000, 0;
    %delay 10000, 0;
    %delay 10000, 0;
    %delay 10000, 0;
    %delay 10000, 0;
    %delay 10000, 0;
    %delay 10000, 0;
    %delay 10000, 0;
    %delay 10000, 0;
    %delay 10000, 0;
    %delay 10000, 0;
    %delay 10000, 0;
    %delay 10000, 0;
    %delay 10000, 0;
    %delay 10000, 0;
    %delay 10000, 0;
    %delay 10000, 0;
    %delay 10000, 0;
    %delay 10000, 0;
    %delay 10000, 0;
    %delay 10000, 0;
    %delay 10000, 0;
    %delay 10000, 0;
    %delay 10000, 0;
    %delay 10000, 0;
    %delay 10000, 0;
    %delay 10000, 0;
    %delay 10000, 0;
    %delay 10000, 0;
    %delay 10000, 0;
    %delay 10000, 0;
    %delay 10000, 0;
    %delay 10000, 0;
    %delay 10000, 0;
    %delay 10000, 0;
    %delay 10000, 0;
    %delay 10000, 0;
    %delay 10000, 0;
    %delay 10000, 0;
    %delay 10000, 0;
    %delay 10000, 0;
    %delay 10000, 0;
    %delay 10000, 0;
    %delay 10000, 0;
    %delay 10000, 0;
    %delay 10000, 0;
    %delay 10000, 0;
    %delay 10000, 0;
    %delay 10000, 0;
    %delay 10000, 0;
    %delay 10000, 0;
    %delay 10000, 0;
    %delay 10000, 0;
    %delay 10000, 0;
    %delay 10000, 0;
    %delay 10000, 0;
    %delay 10000, 0;
    %delay 10000, 0;
    %delay 10000, 0;
    %delay 10000, 0;
    %delay 10000, 0;
    %delay 10000, 0;
    %delay 10000, 0;
    %delay 10000, 0;
    %delay 10000, 0;
    %delay 10000, 0;
    %delay 10000, 0;
    %delay 10000, 0;
    %delay 10000, 0;
    %delay 10000, 0;
    %delay 10000, 0;
    %delay 10000, 0;
    %delay 10000, 0;
    %delay 10000, 0;
    %delay 10000, 0;
    %delay 10000, 0;
    %delay 10000, 0;
    %delay 10000, 0;
    %delay 10000, 0;
    %delay 10000, 0;
    %delay 10000, 0;
    %delay 10000, 0;
    %delay 10000, 0;
    %delay 10000, 0;
    %delay 10000, 0;
    %delay 10000, 0;
    %delay 10000, 0;
    %delay 10000, 0;
    %delay 10000, 0;
    %delay 10000, 0;
    %delay 10000, 0;
    %delay 10000, 0;
    %delay 10000, 0;
    %delay 10000, 0;
    %delay 10000, 0;
    %delay 10000, 0;
    %delay 10000, 0;
    %delay 10000, 0;
    %delay 10000, 0;
    %delay 10000, 0;
    %delay 10000, 0;
    %delay 10000, 0;
    %delay 10000, 0;
    %delay 10000, 0;
    %delay 10000, 0;
    %delay 10000, 0;
    %delay 10000, 0;
    %delay 10000, 0;
    %delay 10000, 0;
    %delay 10000, 0;
    %delay 10000, 0;
    %delay 10000, 0;
    %delay 10000, 0;
    %delay 10000, 0;
    %delay 10000, 0;
    %delay 10000, 0;
    %delay 10000, 0;
    %delay 10000, 0;
    %delay 10000, 0;
    %delay 10000, 0;
    %delay 10000, 0;
    %delay 10000, 0;
    %delay 10000, 0;
    %delay 10000, 0;
    %delay 10000, 0;
    %delay 10000, 0;
    %delay 10000, 0;
    %delay 10000, 0;
    %delay 10000, 0;
    %delay 10000, 0;
    %delay 10000, 0;
    %delay 10000, 0;
    %delay 10000, 0;
    %delay 10000, 0;
    %delay 10000, 0;
    %delay 10000, 0;
    %delay 10000, 0;
    %delay 10000, 0;
    %delay 10000, 0;
    %delay 10000, 0;
    %delay 10000, 0;
    %delay 10000, 0;
    %delay 10000, 0;
    %delay 10000, 0;
    %delay 10000, 0;
    %delay 10000, 0;
    %delay 10000, 0;
    %delay 10000, 0;
    %delay 10000, 0;
    %delay 10000, 0;
    %delay 10000, 0;
    %delay 10000, 0;
    %delay 10000, 0;
    %delay 10000, 0;
    %delay 10000, 0;
    %delay 10000, 0;
    %delay 10000, 0;
    %delay 10000, 0;
    %delay 10000, 0;
    %delay 10000, 0;
    %delay 10000, 0;
    %delay 10000, 0;
    %delay 10000, 0;
    %delay 10000, 0;
    %delay 10000, 0;
    %delay 10000, 0;
    %delay 10000, 0;
    %delay 10000, 0;
    %delay 10000, 0;
    %delay 10000, 0;
    %delay 10000, 0;
    %delay 10000, 0;
    %delay 10000, 0;
    %delay 10000, 0;
    %delay 10000, 0;
    %delay 10000, 0;
    %delay 10000, 0;
    %delay 10000, 0;
    %delay 10000, 0;
    %delay 10000, 0;
    %delay 10000, 0;
    %delay 10000, 0;
    %delay 10000, 0;
    %delay 10000, 0;
    %delay 10000, 0;
    %delay 10000, 0;
    %delay 10000, 0;
    %delay 10000, 0;
    %delay 10000, 0;
    %delay 10000, 0;
    %delay 10000, 0;
    %delay 10000, 0;
    %delay 10000, 0;
    %delay 10000, 0;
    %delay 10000, 0;
    %delay 10000, 0;
    %delay 10000, 0;
    %delay 10000, 0;
    %delay 10000, 0;
    %delay 10000, 0;
    %delay 10000, 0;
    %delay 10000, 0;
    %delay 10000, 0;
    %delay 10000, 0;
    %delay 10000, 0;
    %delay 10000, 0;
    %delay 10000, 0;
    %delay 10000, 0;
    %delay 10000, 0;
    %delay 10000, 0;
    %delay 10000, 0;
    %delay 10000, 0;
    %delay 10000, 0;
    %delay 10000, 0;
    %delay 10000, 0;
    %delay 10000, 0;
    %delay 10000, 0;
    %delay 10000, 0;
    %delay 10000, 0;
    %delay 10000, 0;
    %delay 10000, 0;
    %delay 10000, 0;
    %delay 10000, 0;
    %delay 10000, 0;
    %delay 10000, 0;
    %delay 10000, 0;
    %delay 10000, 0;
    %delay 10000, 0;
    %delay 10000, 0;
    %delay 10000, 0;
    %delay 10000, 0;
    %delay 10000, 0;
    %delay 10000, 0;
    %delay 10000, 0;
    %delay 10000, 0;
    %delay 10000, 0;
    %delay 10000, 0;
    %delay 10000, 0;
    %delay 10000, 0;
    %delay 10000, 0;
    %delay 10000, 0;
    %delay 10000, 0;
    %delay 10000, 0;
    %delay 10000, 0;
    %delay 10000, 0;
    %delay 10000, 0;
    %delay 10000, 0;
    %delay 10000, 0;
    %delay 10000, 0;
    %delay 10000, 0;
    %delay 10000, 0;
    %delay 10000, 0;
    %delay 10000, 0;
    %delay 10000, 0;
    %delay 10000, 0;
    %delay 10000, 0;
    %delay 10000, 0;
    %delay 10000, 0;
    %delay 10000, 0;
    %delay 10000, 0;
    %delay 10000, 0;
    %delay 10000, 0;
    %delay 10000, 0;
    %delay 10000, 0;
    %delay 10000, 0;
    %delay 10000, 0;
    %delay 10000, 0;
    %delay 10000, 0;
    %delay 10000, 0;
    %delay 10000, 0;
    %delay 10000, 0;
    %delay 10000, 0;
    %delay 10000, 0;
    %delay 10000, 0;
    %delay 10000, 0;
    %delay 10000, 0;
    %delay 10000, 0;
    %delay 10000, 0;
    %delay 10000, 0;
    %delay 10000, 0;
    %delay 10000, 0;
    %delay 10000, 0;
    %delay 10000, 0;
    %delay 10000, 0;
    %delay 10000, 0;
    %delay 10000, 0;
    %delay 10000, 0;
    %delay 10000, 0;
    %delay 10000, 0;
    %delay 10000, 0;
    %delay 10000, 0;
    %delay 10000, 0;
    %delay 10000, 0;
    %delay 10000, 0;
    %delay 10000, 0;
    %delay 10000, 0;
    %delay 10000, 0;
    %delay 10000, 0;
    %delay 10000, 0;
    %delay 10000, 0;
    %delay 10000, 0;
    %delay 10000, 0;
    %delay 10000, 0;
    %delay 10000, 0;
    %delay 10000, 0;
    %delay 10000, 0;
    %delay 10000, 0;
    %delay 10000, 0;
    %delay 10000, 0;
    %delay 10000, 0;
    %delay 10000, 0;
    %delay 10000, 0;
    %delay 10000, 0;
    %delay 10000, 0;
    %delay 10000, 0;
    %delay 10000, 0;
    %delay 10000, 0;
    %delay 10000, 0;
    %delay 10000, 0;
    %delay 10000, 0;
    %delay 10000, 0;
    %delay 10000, 0;
    %delay 10000, 0;
    %delay 10000, 0;
    %delay 10000, 0;
    %delay 10000, 0;
    %delay 10000, 0;
    %delay 10000, 0;
    %delay 10000, 0;
    %delay 10000, 0;
    %delay 10000, 0;
    %delay 10000, 0;
    %delay 10000, 0;
    %delay 10000, 0;
    %delay 10000, 0;
    %delay 10000, 0;
    %delay 10000, 0;
    %delay 10000, 0;
    %delay 10000, 0;
    %delay 10000, 0;
    %delay 10000, 0;
    %delay 10000, 0;
    %delay 10000, 0;
    %delay 10000, 0;
    %delay 10000, 0;
    %delay 10000, 0;
    %delay 10000, 0;
    %delay 10000, 0;
    %delay 10000, 0;
    %delay 10000, 0;
    %delay 10000, 0;
    %delay 10000, 0;
    %delay 10000, 0;
    %delay 10000, 0;
    %delay 10000, 0;
    %delay 10000, 0;
    %delay 10000, 0;
    %delay 10000, 0;
    %delay 10000, 0;
    %delay 10000, 0;
    %delay 10000, 0;
    %delay 10000, 0;
    %delay 10000, 0;
    %delay 10000, 0;
    %delay 10000, 0;
    %delay 10000, 0;
    %delay 10000, 0;
    %delay 10000, 0;
    %delay 10000, 0;
    %delay 10000, 0;
    %delay 10000, 0;
    %delay 10000, 0;
    %delay 10000, 0;
    %delay 10000, 0;
    %delay 10000, 0;
    %delay 10000, 0;
    %delay 10000, 0;
    %delay 10000, 0;
    %delay 10000, 0;
    %delay 10000, 0;
    %delay 10000, 0;
    %delay 10000, 0;
    %delay 10000, 0;
    %delay 10000, 0;
    %delay 10000, 0;
    %delay 10000, 0;
    %delay 10000, 0;
    %delay 10000, 0;
    %delay 10000, 0;
    %delay 10000, 0;
    %delay 10000, 0;
    %delay 10000, 0;
    %delay 10000, 0;
    %delay 10000, 0;
    %delay 10000, 0;
    %delay 10000, 0;
    %delay 10000, 0;
    %delay 10000, 0;
    %delay 10000, 0;
    %delay 10000, 0;
    %delay 10000, 0;
    %delay 10000, 0;
    %delay 10000, 0;
    %delay 10000, 0;
    %delay 10000, 0;
    %delay 10000, 0;
    %delay 10000, 0;
    %delay 10000, 0;
    %delay 10000, 0;
    %delay 10000, 0;
    %delay 10000, 0;
    %delay 10000, 0;
    %delay 10000, 0;
    %delay 10000, 0;
    %delay 10000, 0;
    %delay 10000, 0;
    %delay 10000, 0;
    %delay 10000, 0;
    %delay 10000, 0;
    %delay 10000, 0;
    %delay 10000, 0;
    %delay 10000, 0;
    %delay 10000, 0;
    %delay 10000, 0;
    %delay 10000, 0;
    %delay 10000, 0;
    %delay 10000, 0;
    %delay 10000, 0;
    %delay 10000, 0;
    %delay 10000, 0;
    %delay 10000, 0;
    %delay 10000, 0;
    %delay 10000, 0;
    %delay 10000, 0;
    %delay 10000, 0;
    %delay 10000, 0;
    %delay 10000, 0;
    %delay 10000, 0;
    %delay 10000, 0;
    %delay 10000, 0;
    %delay 10000, 0;
    %delay 10000, 0;
    %delay 10000, 0;
    %delay 10000, 0;
    %delay 10000, 0;
    %delay 10000, 0;
    %delay 10000, 0;
    %delay 10000, 0;
    %delay 10000, 0;
    %delay 10000, 0;
    %delay 10000, 0;
    %delay 10000, 0;
    %delay 10000, 0;
    %delay 10000, 0;
    %delay 10000, 0;
    %delay 10000, 0;
    %delay 10000, 0;
    %delay 10000, 0;
    %delay 10000, 0;
    %delay 10000, 0;
    %delay 10000, 0;
    %delay 10000, 0;
    %delay 10000, 0;
    %delay 10000, 0;
    %delay 10000, 0;
    %delay 10000, 0;
    %delay 10000, 0;
    %delay 10000, 0;
    %delay 10000, 0;
    %delay 10000, 0;
    %delay 10000, 0;
    %delay 10000, 0;
    %delay 10000, 0;
    %delay 10000, 0;
    %delay 10000, 0;
    %delay 10000, 0;
    %delay 10000, 0;
    %delay 10000, 0;
    %delay 10000, 0;
    %delay 10000, 0;
    %delay 10000, 0;
    %delay 10000, 0;
    %delay 10000, 0;
    %delay 10000, 0;
    %delay 10000, 0;
    %delay 10000, 0;
    %delay 10000, 0;
    %delay 10000, 0;
    %delay 10000, 0;
    %delay 10000, 0;
    %delay 10000, 0;
    %delay 10000, 0;
    %delay 10000, 0;
    %delay 10000, 0;
    %delay 10000, 0;
    %delay 10000, 0;
    %pushi/vec4 1, 0, 1;
    %store/vec4 v000002029b244a60_0, 0, 1;
    %pushi/vec4 3, 0, 11;
    %store/vec4 v000002029b244740_0, 0, 11;
    %delay 10000, 0;
    %pushi/vec4 4, 0, 11;
    %store/vec4 v000002029b244740_0, 0, 11;
    %delay 10000, 0;
    %pushi/vec4 5, 0, 11;
    %store/vec4 v000002029b244740_0, 0, 11;
    %delay 10000, 0;
    %pushi/vec4 6, 0, 11;
    %store/vec4 v000002029b244740_0, 0, 11;
    %delay 10000, 0;
    %pushi/vec4 7, 0, 11;
    %store/vec4 v000002029b244740_0, 0, 11;
    %delay 10000, 0;
    %pushi/vec4 8, 0, 11;
    %store/vec4 v000002029b244740_0, 0, 11;
    %delay 10000, 0;
    %pushi/vec4 0, 0, 1;
    %store/vec4 v000002029b244a60_0, 0, 1;
    %delay 10000, 0;
    %delay 10000, 0;
    %delay 10000, 0;
    %delay 10000, 0;
    %delay 10000, 0;
    %delay 10000, 0;
    %delay 10000, 0;
    %delay 10000, 0;
    %delay 10000, 0;
    %delay 10000, 0;
    %delay 10000, 0;
    %delay 10000, 0;
    %delay 10000, 0;
    %pushi/vec4 1, 0, 1;
    %store/vec4 v000002029b244a60_0, 0, 1;
    %pushi/vec4 67, 0, 11;
    %store/vec4 v000002029b244740_0, 0, 11;
    %delay 10000, 0;
    %pushi/vec4 68, 0, 11;
    %store/vec4 v000002029b244740_0, 0, 11;
    %delay 10000, 0;
    %pushi/vec4 69, 0, 11;
    %store/vec4 v000002029b244740_0, 0, 11;
    %delay 10000, 0;
    %pushi/vec4 70, 0, 11;
    %store/vec4 v000002029b244740_0, 0, 11;
    %delay 10000, 0;
    %pushi/vec4 71, 0, 11;
    %store/vec4 v000002029b244740_0, 0, 11;
    %delay 10000, 0;
    %pushi/vec4 72, 0, 11;
    %store/vec4 v000002029b244740_0, 0, 11;
    %delay 10000, 0;
    %pushi/vec4 0, 0, 1;
    %store/vec4 v000002029b244a60_0, 0, 1;
    %delay 10000, 0;
    %delay 10000, 0;
    %delay 10000, 0;
    %delay 10000, 0;
    %delay 10000, 0;
    %delay 10000, 0;
    %delay 10000, 0;
    %delay 10000, 0;
    %delay 10000, 0;
    %delay 10000, 0;
    %delay 10000, 0;
    %delay 10000, 0;
    %delay 10000, 0;
    %delay 10000, 0;
    %delay 10000, 0;
    %delay 10000, 0;
    %delay 10000, 0;
    %delay 10000, 0;
    %delay 10000, 0;
    %delay 10000, 0;
    %delay 10000, 0;
    %delay 10000, 0;
    %delay 10000, 0;
    %delay 10000, 0;
    %delay 10000, 0;
    %delay 10000, 0;
    %delay 10000, 0;
    %delay 10000, 0;
    %delay 10000, 0;
    %delay 10000, 0;
    %delay 10000, 0;
    %delay 10000, 0;
    %delay 10000, 0;
    %delay 10000, 0;
    %delay 10000, 0;
    %delay 10000, 0;
    %delay 10000, 0;
    %delay 10000, 0;
    %delay 10000, 0;
    %delay 10000, 0;
    %delay 10000, 0;
    %delay 10000, 0;
    %delay 10000, 0;
    %delay 10000, 0;
    %delay 10000, 0;
    %delay 10000, 0;
    %delay 10000, 0;
    %delay 10000, 0;
    %delay 10000, 0;
    %delay 10000, 0;
    %delay 10000, 0;
    %delay 10000, 0;
    %delay 10000, 0;
    %delay 10000, 0;
    %delay 10000, 0;
    %delay 10000, 0;
    %delay 10000, 0;
    %delay 10000, 0;
    %delay 10000, 0;
    %delay 10000, 0;
    %delay 10000, 0;
    %delay 10000, 0;
    %delay 10000, 0;
    %delay 10000, 0;
    %delay 10000, 0;
    %delay 10000, 0;
    %delay 10000, 0;
    %delay 10000, 0;
    %delay 10000, 0;
    %delay 10000, 0;
    %delay 10000, 0;
    %delay 10000, 0;
    %delay 10000, 0;
    %delay 10000, 0;
    %delay 10000, 0;
    %delay 10000, 0;
    %delay 10000, 0;
    %delay 10000, 0;
    %delay 10000, 0;
    %delay 10000, 0;
    %delay 10000, 0;
    %delay 10000, 0;
    %delay 10000, 0;
    %delay 10000, 0;
    %delay 10000, 0;
    %delay 10000, 0;
    %delay 10000, 0;
    %delay 10000, 0;
    %delay 10000, 0;
    %delay 10000, 0;
    %delay 10000, 0;
    %delay 10000, 0;
    %delay 10000, 0;
    %delay 10000, 0;
    %delay 10000, 0;
    %delay 10000, 0;
    %delay 10000, 0;
    %delay 10000, 0;
    %delay 10000, 0;
    %delay 10000, 0;
    %delay 10000, 0;
    %delay 10000, 0;
    %delay 10000, 0;
    %delay 10000, 0;
    %delay 10000, 0;
    %delay 10000, 0;
    %delay 10000, 0;
    %delay 10000, 0;
    %delay 10000, 0;
    %delay 10000, 0;
    %delay 10000, 0;
    %delay 10000, 0;
    %delay 10000, 0;
    %delay 10000, 0;
    %delay 10000, 0;
    %delay 10000, 0;
    %delay 10000, 0;
    %delay 10000, 0;
    %delay 10000, 0;
    %delay 10000, 0;
    %delay 10000, 0;
    %delay 10000, 0;
    %delay 10000, 0;
    %delay 10000, 0;
    %delay 10000, 0;
    %delay 10000, 0;
    %delay 10000, 0;
    %delay 10000, 0;
    %delay 10000, 0;
    %delay 10000, 0;
    %delay 10000, 0;
    %delay 10000, 0;
    %delay 10000, 0;
    %delay 10000, 0;
    %delay 10000, 0;
    %delay 10000, 0;
    %delay 10000, 0;
    %delay 10000, 0;
    %delay 10000, 0;
    %delay 10000, 0;
    %delay 10000, 0;
    %delay 10000, 0;
    %delay 10000, 0;
    %delay 10000, 0;
    %delay 10000, 0;
    %delay 10000, 0;
    %delay 10000, 0;
    %delay 10000, 0;
    %delay 10000, 0;
    %delay 10000, 0;
    %delay 10000, 0;
    %delay 10000, 0;
    %delay 10000, 0;
    %delay 10000, 0;
    %delay 10000, 0;
    %delay 10000, 0;
    %delay 10000, 0;
    %delay 10000, 0;
    %delay 10000, 0;
    %delay 10000, 0;
    %delay 10000, 0;
    %delay 10000, 0;
    %delay 10000, 0;
    %delay 10000, 0;
    %delay 10000, 0;
    %delay 10000, 0;
    %delay 10000, 0;
    %delay 10000, 0;
    %delay 10000, 0;
    %delay 10000, 0;
    %delay 10000, 0;
    %delay 10000, 0;
    %delay 10000, 0;
    %delay 10000, 0;
    %delay 10000, 0;
    %delay 10000, 0;
    %delay 10000, 0;
    %delay 10000, 0;
    %delay 10000, 0;
    %delay 10000, 0;
    %delay 10000, 0;
    %delay 10000, 0;
    %delay 10000, 0;
    %delay 10000, 0;
    %delay 10000, 0;
    %delay 10000, 0;
    %delay 10000, 0;
    %delay 10000, 0;
    %delay 10000, 0;
    %delay 10000, 0;
    %delay 10000, 0;
    %delay 10000, 0;
    %delay 10000, 0;
    %delay 10000, 0;
    %delay 10000, 0;
    %delay 10000, 0;
    %delay 10000, 0;
    %delay 10000, 0;
    %delay 10000, 0;
    %delay 10000, 0;
    %delay 10000, 0;
    %delay 10000, 0;
    %delay 10000, 0;
    %delay 10000, 0;
    %delay 10000, 0;
    %delay 10000, 0;
    %delay 10000, 0;
    %delay 10000, 0;
    %delay 10000, 0;
    %delay 10000, 0;
    %delay 10000, 0;
    %delay 10000, 0;
    %delay 10000, 0;
    %delay 10000, 0;
    %delay 10000, 0;
    %delay 10000, 0;
    %delay 10000, 0;
    %delay 10000, 0;
    %delay 10000, 0;
    %delay 10000, 0;
    %delay 10000, 0;
    %delay 10000, 0;
    %delay 10000, 0;
    %delay 10000, 0;
    %delay 10000, 0;
    %delay 10000, 0;
    %delay 10000, 0;
    %delay 10000, 0;
    %delay 10000, 0;
    %delay 10000, 0;
    %delay 10000, 0;
    %delay 10000, 0;
    %delay 10000, 0;
    %delay 10000, 0;
    %delay 10000, 0;
    %delay 10000, 0;
    %delay 10000, 0;
    %delay 10000, 0;
    %delay 10000, 0;
    %delay 10000, 0;
    %delay 10000, 0;
    %delay 10000, 0;
    %delay 10000, 0;
    %delay 10000, 0;
    %delay 10000, 0;
    %delay 10000, 0;
    %delay 10000, 0;
    %delay 10000, 0;
    %delay 10000, 0;
    %delay 10000, 0;
    %delay 10000, 0;
    %delay 10000, 0;
    %delay 10000, 0;
    %delay 10000, 0;
    %delay 10000, 0;
    %delay 10000, 0;
    %delay 10000, 0;
    %delay 10000, 0;
    %delay 10000, 0;
    %delay 10000, 0;
    %delay 10000, 0;
    %delay 10000, 0;
    %delay 10000, 0;
    %delay 10000, 0;
    %delay 10000, 0;
    %delay 10000, 0;
    %delay 10000, 0;
    %delay 10000, 0;
    %delay 10000, 0;
    %delay 10000, 0;
    %delay 10000, 0;
    %delay 10000, 0;
    %delay 10000, 0;
    %delay 10000, 0;
    %delay 10000, 0;
    %delay 10000, 0;
    %delay 10000, 0;
    %delay 10000, 0;
    %delay 10000, 0;
    %delay 10000, 0;
    %delay 10000, 0;
    %delay 10000, 0;
    %delay 10000, 0;
    %delay 10000, 0;
    %delay 10000, 0;
    %delay 10000, 0;
    %delay 10000, 0;
    %delay 10000, 0;
    %delay 10000, 0;
    %delay 10000, 0;
    %delay 10000, 0;
    %delay 10000, 0;
    %delay 10000, 0;
    %delay 10000, 0;
    %delay 10000, 0;
    %delay 10000, 0;
    %delay 10000, 0;
    %delay 10000, 0;
    %delay 10000, 0;
    %delay 10000, 0;
    %delay 10000, 0;
    %delay 10000, 0;
    %delay 10000, 0;
    %delay 10000, 0;
    %delay 10000, 0;
    %delay 10000, 0;
    %delay 10000, 0;
    %delay 10000, 0;
    %delay 10000, 0;
    %delay 10000, 0;
    %delay 10000, 0;
    %delay 10000, 0;
    %delay 10000, 0;
    %delay 10000, 0;
    %delay 10000, 0;
    %delay 10000, 0;
    %delay 10000, 0;
    %delay 10000, 0;
    %delay 10000, 0;
    %delay 10000, 0;
    %delay 10000, 0;
    %delay 10000, 0;
    %delay 10000, 0;
    %delay 10000, 0;
    %delay 10000, 0;
    %delay 10000, 0;
    %delay 10000, 0;
    %delay 10000, 0;
    %delay 10000, 0;
    %delay 10000, 0;
    %delay 10000, 0;
    %delay 10000, 0;
    %delay 10000, 0;
    %delay 10000, 0;
    %delay 10000, 0;
    %delay 10000, 0;
    %delay 10000, 0;
    %delay 10000, 0;
    %delay 10000, 0;
    %delay 10000, 0;
    %delay 10000, 0;
    %delay 10000, 0;
    %delay 10000, 0;
    %delay 10000, 0;
    %delay 10000, 0;
    %delay 10000, 0;
    %delay 10000, 0;
    %delay 10000, 0;
    %delay 10000, 0;
    %delay 10000, 0;
    %delay 10000, 0;
    %delay 10000, 0;
    %delay 10000, 0;
    %delay 10000, 0;
    %delay 10000, 0;
    %delay 10000, 0;
    %delay 10000, 0;
    %delay 10000, 0;
    %delay 10000, 0;
    %delay 10000, 0;
    %delay 10000, 0;
    %delay 10000, 0;
    %delay 10000, 0;
    %delay 10000, 0;
    %delay 10000, 0;
    %delay 10000, 0;
    %delay 10000, 0;
    %delay 10000, 0;
    %delay 10000, 0;
    %delay 10000, 0;
    %delay 10000, 0;
    %delay 10000, 0;
    %delay 10000, 0;
    %delay 10000, 0;
    %delay 10000, 0;
    %delay 10000, 0;
    %delay 10000, 0;
    %delay 10000, 0;
    %delay 10000, 0;
    %delay 10000, 0;
    %delay 10000, 0;
    %delay 10000, 0;
    %delay 10000, 0;
    %delay 10000, 0;
    %delay 10000, 0;
    %delay 10000, 0;
    %delay 10000, 0;
    %delay 10000, 0;
    %delay 10000, 0;
    %delay 10000, 0;
    %delay 10000, 0;
    %delay 10000, 0;
    %delay 10000, 0;
    %delay 10000, 0;
    %delay 10000, 0;
    %delay 10000, 0;
    %delay 10000, 0;
    %delay 10000, 0;
    %delay 10000, 0;
    %delay 10000, 0;
    %delay 10000, 0;
    %delay 10000, 0;
    %delay 10000, 0;
    %delay 10000, 0;
    %delay 10000, 0;
    %delay 10000, 0;
    %delay 10000, 0;
    %delay 10000, 0;
    %delay 10000, 0;
    %delay 10000, 0;
    %delay 10000, 0;
    %delay 10000, 0;
    %delay 10000, 0;
    %delay 10000, 0;
    %delay 10000, 0;
    %delay 10000, 0;
    %delay 10000, 0;
    %delay 10000, 0;
    %delay 10000, 0;
    %delay 10000, 0;
    %delay 10000, 0;
    %delay 10000, 0;
    %delay 10000, 0;
    %delay 10000, 0;
    %vpi_call 2 2457 "$finish" {0 0 0};
    %end;
    .thread T_11;
# The file index is used to find the file name in the following table.
:file_names 5;
    "N/A";
    "<interactive>";
    "tb_sram_state.v";
    "./sram_state.sv";
    "./fifo_null_pages.sv";
